<?xml version="1.0" encoding="UTF-8"?>
<testsuite xmlns:xsi="http://www.w3.org/2001/XMLSchema-instance" xsi:noNamespaceSchemaLocation="https://maven.apache.org/surefire/maven-surefire-plugin/xsd/surefire-test-report-3.0.xsd" version="3.0" name="TestSuite" time="13.036" tests="24" errors="0" skipped="0" failures="21">
  <properties>
    <property name="java.specification.version" value="17"/>
    <property name="sun.cpu.isalist" value="amd64"/>
    <property name="sun.jnu.encoding" value="Cp1252"/>
    <property name="java.class.path" value="C:\git\turf\dejan\rowe\target\test-classes;C:\git\turf\dejan\rowe\target\classes;C:\Users\ss585\.m2\repository\io\cucumber\cucumber-java\7.2.1\cucumber-java-7.2.1.jar;C:\Users\ss585\.m2\repository\io\cucumber\cucumber-core\7.2.1\cucumber-core-7.2.1.jar;C:\Users\ss585\.m2\repository\io\cucumber\cucumber-gherkin\7.2.1\cucumber-gherkin-7.2.1.jar;C:\Users\ss585\.m2\repository\io\cucumber\cucumber-gherkin-messages\7.2.1\cucumber-gherkin-messages-7.2.1.jar;C:\Users\ss585\.m2\repository\io\cucumber\messages\17.1.1\messages-17.1.1.jar;C:\Users\ss585\.m2\repository\io\cucumber\tag-expressions\4.1.0\tag-expressions-4.1.0.jar;C:\Users\ss585\.m2\repository\io\cucumber\cucumber-expressions\13.0.1\cucumber-expressions-13.0.1.jar;C:\Users\ss585\.m2\repository\io\cucumber\datatable\7.2.1\datatable-7.2.1.jar;C:\Users\ss585\.m2\repository\io\cucumber\cucumber-plugin\7.2.1\cucumber-plugin-7.2.1.jar;C:\Users\ss585\.m2\repository\io\cucumber\docstring\7.2.1\docstring-7.2.1.jar;C:\Users\ss585\.m2\repository\io\cucumber\html-formatter\17.0.0\html-formatter-17.0.0.jar;C:\Users\ss585\.m2\repository\io\cucumber\ci-environment\8.1.0\ci-environment-8.1.0.jar;C:\Users\ss585\.m2\repository\org\apiguardian\apiguardian-api\1.1.2\apiguardian-api-1.1.2.jar;C:\Users\ss585\.m2\repository\io\cucumber\cucumber-junit\7.2.1\cucumber-junit-7.2.1.jar;C:\Users\ss585\.m2\repository\junit\junit\4.12\junit-4.12.jar;C:\Users\ss585\.m2\repository\org\hamcrest\hamcrest-core\1.3\hamcrest-core-1.3.jar;C:\Users\ss585\.m2\repository\info\cukes\cucumber-junit\1.2.5\cucumber-junit-1.2.5.jar;C:\Users\ss585\.m2\repository\info\cukes\cucumber-core\1.2.5\cucumber-core-1.2.5.jar;C:\Users\ss585\.m2\repository\info\cukes\cucumber-html\0.2.3\cucumber-html-0.2.3.jar;C:\Users\ss585\.m2\repository\info\cukes\cucumber-jvm-deps\1.0.5\cucumber-jvm-deps-1.0.5.jar;C:\Users\ss585\.m2\repository\info\cukes\gherkin\2.12.2\gherkin-2.12.2.jar;C:\Users\ss585\.m2\repository\io\rest-assured\rest-assured\4.4.0\rest-assured-4.4.0.jar;C:\Users\ss585\.m2\repository\org\codehaus\groovy\groovy\3.0.8\groovy-3.0.8.jar;C:\Users\ss585\.m2\repository\org\codehaus\groovy\groovy-xml\3.0.8\groovy-xml-3.0.8.jar;C:\Users\ss585\.m2\repository\org\apache\httpcomponents\httpclient\4.5.13\httpclient-4.5.13.jar;C:\Users\ss585\.m2\repository\org\apache\httpcomponents\httpcore\4.4.13\httpcore-4.4.13.jar;C:\Users\ss585\.m2\repository\commons-logging\commons-logging\1.2\commons-logging-1.2.jar;C:\Users\ss585\.m2\repository\org\apache\httpcomponents\httpmime\4.5.13\httpmime-4.5.13.jar;C:\Users\ss585\.m2\repository\org\ccil\cowan\tagsoup\tagsoup\1.2.1\tagsoup-1.2.1.jar;C:\Users\ss585\.m2\repository\io\rest-assured\json-path\4.4.0\json-path-4.4.0.jar;C:\Users\ss585\.m2\repository\org\codehaus\groovy\groovy-json\3.0.8\groovy-json-3.0.8.jar;C:\Users\ss585\.m2\repository\io\rest-assured\rest-assured-common\4.4.0\rest-assured-common-4.4.0.jar;C:\Users\ss585\.m2\repository\io\rest-assured\xml-path\4.4.0\xml-path-4.4.0.jar;C:\Users\ss585\.m2\repository\org\apache\commons\commons-lang3\3.11\commons-lang3-3.11.jar;C:\Users\ss585\.m2\repository\jakarta\xml\bind\jakarta.xml.bind-api\2.3.3\jakarta.xml.bind-api-2.3.3.jar;C:\Users\ss585\.m2\repository\jakarta\activation\jakarta.activation-api\1.2.2\jakarta.activation-api-1.2.2.jar;C:\Users\ss585\.m2\repository\com\sun\xml\bind\jaxb-impl\2.3.3\jaxb-impl-2.3.3.jar;C:\Users\ss585\.m2\repository\org\testng\testng\7.4.0\testng-7.4.0.jar;C:\Users\ss585\.m2\repository\com\beust\jcommander\1.78\jcommander-1.78.jar;C:\Users\ss585\.m2\repository\org\webjars\jquery\3.5.1\jquery-3.5.1.jar;C:\Users\ss585\.m2\repository\org\hamcrest\hamcrest\2.2\hamcrest-2.2.jar;C:\Users\ss585\.m2\repository\org\apache\poi\poi\4.1.2\poi-4.1.2.jar;C:\Users\ss585\.m2\repository\commons-codec\commons-codec\1.13\commons-codec-1.13.jar;C:\Users\ss585\.m2\repository\org\apache\commons\commons-collections4\4.4\commons-collections4-4.4.jar;C:\Users\ss585\.m2\repository\org\apache\commons\commons-math3\3.6.1\commons-math3-3.6.1.jar;C:\Users\ss585\.m2\repository\com\zaxxer\SparseBitSet\1.2\SparseBitSet-1.2.jar;C:\Users\ss585\.m2\repository\org\apache\poi\poi-excelant\4.1.2\poi-excelant-4.1.2.jar;C:\Users\ss585\.m2\repository\org\apache\poi\poi-ooxml\4.1.2\poi-ooxml-4.1.2.jar;C:\Users\ss585\.m2\repository\org\apache\poi\poi-ooxml-schemas\4.1.2\poi-ooxml-schemas-4.1.2.jar;C:\Users\ss585\.m2\repository\org\apache\xmlbeans\xmlbeans\3.1.0\xmlbeans-3.1.0.jar;C:\Users\ss585\.m2\repository\org\apache\commons\commons-compress\1.19\commons-compress-1.19.jar;C:\Users\ss585\.m2\repository\com\github\virtuald\curvesapi\1.06\curvesapi-1.06.jar;C:\Users\ss585\.m2\repository\org\apache\ant\ant\1.8.2\ant-1.8.2.jar;C:\Users\ss585\.m2\repository\org\apache\ant\ant-launcher\1.8.2\ant-launcher-1.8.2.jar;C:\Users\ss585\.m2\repository\org\seleniumhq\selenium\selenium-java\4.1.0\selenium-java-4.1.0.jar;C:\Users\ss585\.m2\repository\org\seleniumhq\selenium\selenium-api\4.1.0\selenium-api-4.1.0.jar;C:\Users\ss585\.m2\repository\org\seleniumhq\selenium\selenium-chrome-driver\4.1.0\selenium-chrome-driver-4.1.0.jar;C:\Users\ss585\.m2\repository\com\google\auto\service\auto-service-annotations\1.0.1\auto-service-annotations-1.0.1.jar;C:\Users\ss585\.m2\repository\com\google\auto\service\auto-service\1.0.1\auto-service-1.0.1.jar;C:\Users\ss585\.m2\repository\com\google\auto\auto-common\1.2\auto-common-1.2.jar;C:\Users\ss585\.m2\repository\com\google\guava\guava\31.0.1-jre\guava-31.0.1-jre.jar;C:\Users\ss585\.m2\repository\com\google\guava\failureaccess\1.0.1\failureaccess-1.0.1.jar;C:\Users\ss585\.m2\repository\com\google\guava\listenablefuture\9999.0-empty-to-avoid-conflict-with-guava\listenablefuture-9999.0-empty-to-avoid-conflict-with-guava.jar;C:\Users\ss585\.m2\repository\com\google\code\findbugs\jsr305\3.0.2\jsr305-3.0.2.jar;C:\Users\ss585\.m2\repository\org\checkerframework\checker-qual\3.12.0\checker-qual-3.12.0.jar;C:\Users\ss585\.m2\repository\com\google\errorprone\error_prone_annotations\2.7.1\error_prone_annotations-2.7.1.jar;C:\Users\ss585\.m2\repository\com\google\j2objc\j2objc-annotations\1.3\j2objc-annotations-1.3.jar;C:\Users\ss585\.m2\repository\org\seleniumhq\selenium\selenium-chromium-driver\4.1.0\selenium-chromium-driver-4.1.0.jar;C:\Users\ss585\.m2\repository\org\seleniumhq\selenium\selenium-json\4.1.0\selenium-json-4.1.0.jar;C:\Users\ss585\.m2\repository\org\seleniumhq\selenium\selenium-devtools-v85\4.1.0\selenium-devtools-v85-4.1.0.jar;C:\Users\ss585\.m2\repository\org\seleniumhq\selenium\selenium-devtools-v94\4.1.0\selenium-devtools-v94-4.1.0.jar;C:\Users\ss585\.m2\repository\org\seleniumhq\selenium\selenium-devtools-v95\4.1.0\selenium-devtools-v95-4.1.0.jar;C:\Users\ss585\.m2\repository\org\seleniumhq\selenium\selenium-devtools-v96\4.1.0\selenium-devtools-v96-4.1.0.jar;C:\Users\ss585\.m2\repository\org\seleniumhq\selenium\selenium-edge-driver\4.1.0\selenium-edge-driver-4.1.0.jar;C:\Users\ss585\.m2\repository\org\seleniumhq\selenium\selenium-firefox-driver\4.1.0\selenium-firefox-driver-4.1.0.jar;C:\Users\ss585\.m2\repository\org\seleniumhq\selenium\selenium-firefox-xpi-driver\4.1.0\selenium-firefox-xpi-driver-4.1.0.jar;C:\Users\ss585\.m2\repository\org\seleniumhq\selenium\selenium-ie-driver\4.1.0\selenium-ie-driver-4.1.0.jar;C:\Users\ss585\.m2\repository\org\seleniumhq\selenium\selenium-opera-driver\4.1.0\selenium-opera-driver-4.1.0.jar;C:\Users\ss585\.m2\repository\org\seleniumhq\selenium\selenium-remote-driver\4.1.0\selenium-remote-driver-4.1.0.jar;C:\Users\ss585\.m2\repository\io\netty\netty-buffer\4.1.69.Final\netty-buffer-4.1.69.Final.jar;C:\Users\ss585\.m2\repository\io\netty\netty-codec-http\4.1.69.Final\netty-codec-http-4.1.69.Final.jar;C:\Users\ss585\.m2\repository\io\netty\netty-codec\4.1.69.Final\netty-codec-4.1.69.Final.jar;C:\Users\ss585\.m2\repository\io\netty\netty-handler\4.1.69.Final\netty-handler-4.1.69.Final.jar;C:\Users\ss585\.m2\repository\io\netty\netty-common\4.1.69.Final\netty-common-4.1.69.Final.jar;C:\Users\ss585\.m2\repository\io\netty\netty-transport-native-epoll\4.1.69.Final\netty-transport-native-epoll-4.1.69.Final.jar;C:\Users\ss585\.m2\repository\io\netty\netty-transport-native-kqueue\4.1.69.Final\netty-transport-native-kqueue-4.1.69.Final.jar;C:\Users\ss585\.m2\repository\io\netty\netty-transport-native-unix-common\4.1.69.Final\netty-transport-native-unix-common-4.1.69.Final.jar;C:\Users\ss585\.m2\repository\io\netty\netty-transport\4.1.69.Final\netty-transport-4.1.69.Final.jar;C:\Users\ss585\.m2\repository\io\netty\netty-resolver\4.1.69.Final\netty-resolver-4.1.69.Final.jar;C:\Users\ss585\.m2\repository\io\opentelemetry\opentelemetry-api\1.9.0\opentelemetry-api-1.9.0.jar;C:\Users\ss585\.m2\repository\io\opentelemetry\opentelemetry-context\1.9.0\opentelemetry-context-1.9.0.jar;C:\Users\ss585\.m2\repository\io\opentelemetry\opentelemetry-exporter-logging\1.9.0\opentelemetry-exporter-logging-1.9.0.jar;C:\Users\ss585\.m2\repository\io\opentelemetry\opentelemetry-sdk-metrics\1.9.0-alpha\opentelemetry-sdk-metrics-1.9.0-alpha.jar;C:\Users\ss585\.m2\repository\io\opentelemetry\opentelemetry-sdk-logs\1.9.0-alpha\opentelemetry-sdk-logs-1.9.0-alpha.jar;C:\Users\ss585\.m2\repository\com\fasterxml\jackson\core\jackson-databind\2.13.0\jackson-databind-2.13.0.jar;C:\Users\ss585\.m2\repository\com\fasterxml\jackson\core\jackson-annotations\2.13.0\jackson-annotations-2.13.0.jar;C:\Users\ss585\.m2\repository\com\fasterxml\jackson\core\jackson-core\2.13.0\jackson-core-2.13.0.jar;C:\Users\ss585\.m2\repository\io\opentelemetry\opentelemetry-sdk-common\1.9.0\opentelemetry-sdk-common-1.9.0.jar;C:\Users\ss585\.m2\repository\io\opentelemetry\opentelemetry-sdk-extension-autoconfigure-spi\1.9.0\opentelemetry-sdk-extension-autoconfigure-spi-1.9.0.jar;C:\Users\ss585\.m2\repository\io\opentelemetry\opentelemetry-sdk-extension-autoconfigure\1.9.0-alpha\opentelemetry-sdk-extension-autoconfigure-1.9.0-alpha.jar;C:\Users\ss585\.m2\repository\io\opentelemetry\opentelemetry-sdk-trace\1.9.0\opentelemetry-sdk-trace-1.9.0.jar;C:\Users\ss585\.m2\repository\io\opentelemetry\opentelemetry-api-metrics\1.9.0-alpha\opentelemetry-api-metrics-1.9.0-alpha.jar;C:\Users\ss585\.m2\repository\io\opentelemetry\opentelemetry-sdk\1.9.0\opentelemetry-sdk-1.9.0.jar;C:\Users\ss585\.m2\repository\io\opentelemetry\opentelemetry-semconv\1.9.0-alpha\opentelemetry-semconv-1.9.0-alpha.jar;C:\Users\ss585\.m2\repository\io\ous\jtoml\2.0.0\jtoml-2.0.0.jar;C:\Users\ss585\.m2\repository\net\bytebuddy\byte-buddy\1.12.1\byte-buddy-1.12.1.jar;C:\Users\ss585\.m2\repository\org\apache\commons\commons-exec\1.3\commons-exec-1.3.jar;C:\Users\ss585\.m2\repository\org\asynchttpclient\async-http-client\2.12.3\async-http-client-2.12.3.jar;C:\Users\ss585\.m2\repository\org\asynchttpclient\async-http-client-netty-utils\2.12.3\async-http-client-netty-utils-2.12.3.jar;C:\Users\ss585\.m2\repository\io\netty\netty-codec-socks\4.1.60.Final\netty-codec-socks-4.1.60.Final.jar;C:\Users\ss585\.m2\repository\io\netty\netty-handler-proxy\4.1.60.Final\netty-handler-proxy-4.1.60.Final.jar;C:\Users\ss585\.m2\repository\io\netty\netty-transport-native-epoll\4.1.60.Final\netty-transport-native-epoll-4.1.60.Final-linux-x86_64.jar;C:\Users\ss585\.m2\repository\io\netty\netty-transport-native-kqueue\4.1.60.Final\netty-transport-native-kqueue-4.1.60.Final-osx-x86_64.jar;C:\Users\ss585\.m2\repository\org\reactivestreams\reactive-streams\1.0.3\reactive-streams-1.0.3.jar;C:\Users\ss585\.m2\repository\com\typesafe\netty\netty-reactive-streams\2.0.4\netty-reactive-streams-2.0.4.jar;C:\Users\ss585\.m2\repository\org\slf4j\slf4j-api\1.7.30\slf4j-api-1.7.30.jar;C:\Users\ss585\.m2\repository\com\sun\activation\jakarta.activation\1.2.2\jakarta.activation-1.2.2.jar;C:\Users\ss585\.m2\repository\org\seleniumhq\selenium\selenium-http\4.1.0\selenium-http-4.1.0.jar;C:\Users\ss585\.m2\repository\net\jodah\failsafe\2.4.4\failsafe-2.4.4.jar;C:\Users\ss585\.m2\repository\org\seleniumhq\selenium\selenium-safari-driver\4.1.0\selenium-safari-driver-4.1.0.jar;C:\Users\ss585\.m2\repository\org\seleniumhq\selenium\selenium-support\4.1.0\selenium-support-4.1.0.jar;C:\Users\ss585\.m2\repository\org\apache\logging\log4j\log4j-api\2.17.1\log4j-api-2.17.1.jar;C:\Users\ss585\.m2\repository\org\apache\logging\log4j\log4j-core\2.17.1\log4j-core-2.17.1.jar;"/>
    <property name="java.vm.vendor" value="Oracle Corporation"/>
    <property name="sun.arch.data.model" value="64"/>
    <property name="user.variant" value=""/>
    <property name="java.vendor.url" value="https://java.oracle.com/"/>
    <property name="user.timezone" value="Europe/Berlin"/>
    <property name="os.name" value="Windows 10"/>
    <property name="java.vm.specification.version" value="17"/>
    <property name="sun.java.launcher" value="SUN_STANDARD"/>
    <property name="user.country" value="US"/>
    <property name="sun.boot.library.path" value="C:\Program Files\Java\jdk-17.0.1\bin"/>
    <property name="sun.java.command" value="C:\Users\ss585\AppData\Local\Temp\surefire7955767891621588233\surefirebooter1351206721052740583.jar C:\Users\ss585\AppData\Local\Temp\surefire7955767891621588233 2022-06-11T13-25-01_631-jvmRun1 surefire13819651837840786661tmp surefire_0917592429901087031tmp"/>
    <property name="jdk.debug" value="release"/>
    <property name="surefire.test.class.path" value="C:\git\turf\dejan\rowe\target\test-classes;C:\git\turf\dejan\rowe\target\classes;C:\Users\ss585\.m2\repository\io\cucumber\cucumber-java\7.2.1\cucumber-java-7.2.1.jar;C:\Users\ss585\.m2\repository\io\cucumber\cucumber-core\7.2.1\cucumber-core-7.2.1.jar;C:\Users\ss585\.m2\repository\io\cucumber\cucumber-gherkin\7.2.1\cucumber-gherkin-7.2.1.jar;C:\Users\ss585\.m2\repository\io\cucumber\cucumber-gherkin-messages\7.2.1\cucumber-gherkin-messages-7.2.1.jar;C:\Users\ss585\.m2\repository\io\cucumber\messages\17.1.1\messages-17.1.1.jar;C:\Users\ss585\.m2\repository\io\cucumber\tag-expressions\4.1.0\tag-expressions-4.1.0.jar;C:\Users\ss585\.m2\repository\io\cucumber\cucumber-expressions\13.0.1\cucumber-expressions-13.0.1.jar;C:\Users\ss585\.m2\repository\io\cucumber\datatable\7.2.1\datatable-7.2.1.jar;C:\Users\ss585\.m2\repository\io\cucumber\cucumber-plugin\7.2.1\cucumber-plugin-7.2.1.jar;C:\Users\ss585\.m2\repository\io\cucumber\docstring\7.2.1\docstring-7.2.1.jar;C:\Users\ss585\.m2\repository\io\cucumber\html-formatter\17.0.0\html-formatter-17.0.0.jar;C:\Users\ss585\.m2\repository\io\cucumber\ci-environment\8.1.0\ci-environment-8.1.0.jar;C:\Users\ss585\.m2\repository\org\apiguardian\apiguardian-api\1.1.2\apiguardian-api-1.1.2.jar;C:\Users\ss585\.m2\repository\io\cucumber\cucumber-junit\7.2.1\cucumber-junit-7.2.1.jar;C:\Users\ss585\.m2\repository\junit\junit\4.12\junit-4.12.jar;C:\Users\ss585\.m2\repository\org\hamcrest\hamcrest-core\1.3\hamcrest-core-1.3.jar;C:\Users\ss585\.m2\repository\info\cukes\cucumber-junit\1.2.5\cucumber-junit-1.2.5.jar;C:\Users\ss585\.m2\repository\info\cukes\cucumber-core\1.2.5\cucumber-core-1.2.5.jar;C:\Users\ss585\.m2\repository\info\cukes\cucumber-html\0.2.3\cucumber-html-0.2.3.jar;C:\Users\ss585\.m2\repository\info\cukes\cucumber-jvm-deps\1.0.5\cucumber-jvm-deps-1.0.5.jar;C:\Users\ss585\.m2\repository\info\cukes\gherkin\2.12.2\gherkin-2.12.2.jar;C:\Users\ss585\.m2\repository\io\rest-assured\rest-assured\4.4.0\rest-assured-4.4.0.jar;C:\Users\ss585\.m2\repository\org\codehaus\groovy\groovy\3.0.8\groovy-3.0.8.jar;C:\Users\ss585\.m2\repository\org\codehaus\groovy\groovy-xml\3.0.8\groovy-xml-3.0.8.jar;C:\Users\ss585\.m2\repository\org\apache\httpcomponents\httpclient\4.5.13\httpclient-4.5.13.jar;C:\Users\ss585\.m2\repository\org\apache\httpcomponents\httpcore\4.4.13\httpcore-4.4.13.jar;C:\Users\ss585\.m2\repository\commons-logging\commons-logging\1.2\commons-logging-1.2.jar;C:\Users\ss585\.m2\repository\org\apache\httpcomponents\httpmime\4.5.13\httpmime-4.5.13.jar;C:\Users\ss585\.m2\repository\org\ccil\cowan\tagsoup\tagsoup\1.2.1\tagsoup-1.2.1.jar;C:\Users\ss585\.m2\repository\io\rest-assured\json-path\4.4.0\json-path-4.4.0.jar;C:\Users\ss585\.m2\repository\org\codehaus\groovy\groovy-json\3.0.8\groovy-json-3.0.8.jar;C:\Users\ss585\.m2\repository\io\rest-assured\rest-assured-common\4.4.0\rest-assured-common-4.4.0.jar;C:\Users\ss585\.m2\repository\io\rest-assured\xml-path\4.4.0\xml-path-4.4.0.jar;C:\Users\ss585\.m2\repository\org\apache\commons\commons-lang3\3.11\commons-lang3-3.11.jar;C:\Users\ss585\.m2\repository\jakarta\xml\bind\jakarta.xml.bind-api\2.3.3\jakarta.xml.bind-api-2.3.3.jar;C:\Users\ss585\.m2\repository\jakarta\activation\jakarta.activation-api\1.2.2\jakarta.activation-api-1.2.2.jar;C:\Users\ss585\.m2\repository\com\sun\xml\bind\jaxb-impl\2.3.3\jaxb-impl-2.3.3.jar;C:\Users\ss585\.m2\repository\org\testng\testng\7.4.0\testng-7.4.0.jar;C:\Users\ss585\.m2\repository\com\beust\jcommander\1.78\jcommander-1.78.jar;C:\Users\ss585\.m2\repository\org\webjars\jquery\3.5.1\jquery-3.5.1.jar;C:\Users\ss585\.m2\repository\org\hamcrest\hamcrest\2.2\hamcrest-2.2.jar;C:\Users\ss585\.m2\repository\org\apache\poi\poi\4.1.2\poi-4.1.2.jar;C:\Users\ss585\.m2\repository\commons-codec\commons-codec\1.13\commons-codec-1.13.jar;C:\Users\ss585\.m2\repository\org\apache\commons\commons-collections4\4.4\commons-collections4-4.4.jar;C:\Users\ss585\.m2\repository\org\apache\commons\commons-math3\3.6.1\commons-math3-3.6.1.jar;C:\Users\ss585\.m2\repository\com\zaxxer\SparseBitSet\1.2\SparseBitSet-1.2.jar;C:\Users\ss585\.m2\repository\org\apache\poi\poi-excelant\4.1.2\poi-excelant-4.1.2.jar;C:\Users\ss585\.m2\repository\org\apache\poi\poi-ooxml\4.1.2\poi-ooxml-4.1.2.jar;C:\Users\ss585\.m2\repository\org\apache\poi\poi-ooxml-schemas\4.1.2\poi-ooxml-schemas-4.1.2.jar;C:\Users\ss585\.m2\repository\org\apache\xmlbeans\xmlbeans\3.1.0\xmlbeans-3.1.0.jar;C:\Users\ss585\.m2\repository\org\apache\commons\commons-compress\1.19\commons-compress-1.19.jar;C:\Users\ss585\.m2\repository\com\github\virtuald\curvesapi\1.06\curvesapi-1.06.jar;C:\Users\ss585\.m2\repository\org\apache\ant\ant\1.8.2\ant-1.8.2.jar;C:\Users\ss585\.m2\repository\org\apache\ant\ant-launcher\1.8.2\ant-launcher-1.8.2.jar;C:\Users\ss585\.m2\repository\org\seleniumhq\selenium\selenium-java\4.1.0\selenium-java-4.1.0.jar;C:\Users\ss585\.m2\repository\org\seleniumhq\selenium\selenium-api\4.1.0\selenium-api-4.1.0.jar;C:\Users\ss585\.m2\repository\org\seleniumhq\selenium\selenium-chrome-driver\4.1.0\selenium-chrome-driver-4.1.0.jar;C:\Users\ss585\.m2\repository\com\google\auto\service\auto-service-annotations\1.0.1\auto-service-annotations-1.0.1.jar;C:\Users\ss585\.m2\repository\com\google\auto\service\auto-service\1.0.1\auto-service-1.0.1.jar;C:\Users\ss585\.m2\repository\com\google\auto\auto-common\1.2\auto-common-1.2.jar;C:\Users\ss585\.m2\repository\com\google\guava\guava\31.0.1-jre\guava-31.0.1-jre.jar;C:\Users\ss585\.m2\repository\com\google\guava\failureaccess\1.0.1\failureaccess-1.0.1.jar;C:\Users\ss585\.m2\repository\com\google\guava\listenablefuture\9999.0-empty-to-avoid-conflict-with-guava\listenablefuture-9999.0-empty-to-avoid-conflict-with-guava.jar;C:\Users\ss585\.m2\repository\com\google\code\findbugs\jsr305\3.0.2\jsr305-3.0.2.jar;C:\Users\ss585\.m2\repository\org\checkerframework\checker-qual\3.12.0\checker-qual-3.12.0.jar;C:\Users\ss585\.m2\repository\com\google\errorprone\error_prone_annotations\2.7.1\error_prone_annotations-2.7.1.jar;C:\Users\ss585\.m2\repository\com\google\j2objc\j2objc-annotations\1.3\j2objc-annotations-1.3.jar;C:\Users\ss585\.m2\repository\org\seleniumhq\selenium\selenium-chromium-driver\4.1.0\selenium-chromium-driver-4.1.0.jar;C:\Users\ss585\.m2\repository\org\seleniumhq\selenium\selenium-json\4.1.0\selenium-json-4.1.0.jar;C:\Users\ss585\.m2\repository\org\seleniumhq\selenium\selenium-devtools-v85\4.1.0\selenium-devtools-v85-4.1.0.jar;C:\Users\ss585\.m2\repository\org\seleniumhq\selenium\selenium-devtools-v94\4.1.0\selenium-devtools-v94-4.1.0.jar;C:\Users\ss585\.m2\repository\org\seleniumhq\selenium\selenium-devtools-v95\4.1.0\selenium-devtools-v95-4.1.0.jar;C:\Users\ss585\.m2\repository\org\seleniumhq\selenium\selenium-devtools-v96\4.1.0\selenium-devtools-v96-4.1.0.jar;C:\Users\ss585\.m2\repository\org\seleniumhq\selenium\selenium-edge-driver\4.1.0\selenium-edge-driver-4.1.0.jar;C:\Users\ss585\.m2\repository\org\seleniumhq\selenium\selenium-firefox-driver\4.1.0\selenium-firefox-driver-4.1.0.jar;C:\Users\ss585\.m2\repository\org\seleniumhq\selenium\selenium-firefox-xpi-driver\4.1.0\selenium-firefox-xpi-driver-4.1.0.jar;C:\Users\ss585\.m2\repository\org\seleniumhq\selenium\selenium-ie-driver\4.1.0\selenium-ie-driver-4.1.0.jar;C:\Users\ss585\.m2\repository\org\seleniumhq\selenium\selenium-opera-driver\4.1.0\selenium-opera-driver-4.1.0.jar;C:\Users\ss585\.m2\repository\org\seleniumhq\selenium\selenium-remote-driver\4.1.0\selenium-remote-driver-4.1.0.jar;C:\Users\ss585\.m2\repository\io\netty\netty-buffer\4.1.69.Final\netty-buffer-4.1.69.Final.jar;C:\Users\ss585\.m2\repository\io\netty\netty-codec-http\4.1.69.Final\netty-codec-http-4.1.69.Final.jar;C:\Users\ss585\.m2\repository\io\netty\netty-codec\4.1.69.Final\netty-codec-4.1.69.Final.jar;C:\Users\ss585\.m2\repository\io\netty\netty-handler\4.1.69.Final\netty-handler-4.1.69.Final.jar;C:\Users\ss585\.m2\repository\io\netty\netty-common\4.1.69.Final\netty-common-4.1.69.Final.jar;C:\Users\ss585\.m2\repository\io\netty\netty-transport-native-epoll\4.1.69.Final\netty-transport-native-epoll-4.1.69.Final.jar;C:\Users\ss585\.m2\repository\io\netty\netty-transport-native-kqueue\4.1.69.Final\netty-transport-native-kqueue-4.1.69.Final.jar;C:\Users\ss585\.m2\repository\io\netty\netty-transport-native-unix-common\4.1.69.Final\netty-transport-native-unix-common-4.1.69.Final.jar;C:\Users\ss585\.m2\repository\io\netty\netty-transport\4.1.69.Final\netty-transport-4.1.69.Final.jar;C:\Users\ss585\.m2\repository\io\netty\netty-resolver\4.1.69.Final\netty-resolver-4.1.69.Final.jar;C:\Users\ss585\.m2\repository\io\opentelemetry\opentelemetry-api\1.9.0\opentelemetry-api-1.9.0.jar;C:\Users\ss585\.m2\repository\io\opentelemetry\opentelemetry-context\1.9.0\opentelemetry-context-1.9.0.jar;C:\Users\ss585\.m2\repository\io\opentelemetry\opentelemetry-exporter-logging\1.9.0\opentelemetry-exporter-logging-1.9.0.jar;C:\Users\ss585\.m2\repository\io\opentelemetry\opentelemetry-sdk-metrics\1.9.0-alpha\opentelemetry-sdk-metrics-1.9.0-alpha.jar;C:\Users\ss585\.m2\repository\io\opentelemetry\opentelemetry-sdk-logs\1.9.0-alpha\opentelemetry-sdk-logs-1.9.0-alpha.jar;C:\Users\ss585\.m2\repository\com\fasterxml\jackson\core\jackson-databind\2.13.0\jackson-databind-2.13.0.jar;C:\Users\ss585\.m2\repository\com\fasterxml\jackson\core\jackson-annotations\2.13.0\jackson-annotations-2.13.0.jar;C:\Users\ss585\.m2\repository\com\fasterxml\jackson\core\jackson-core\2.13.0\jackson-core-2.13.0.jar;C:\Users\ss585\.m2\repository\io\opentelemetry\opentelemetry-sdk-common\1.9.0\opentelemetry-sdk-common-1.9.0.jar;C:\Users\ss585\.m2\repository\io\opentelemetry\opentelemetry-sdk-extension-autoconfigure-spi\1.9.0\opentelemetry-sdk-extension-autoconfigure-spi-1.9.0.jar;C:\Users\ss585\.m2\repository\io\opentelemetry\opentelemetry-sdk-extension-autoconfigure\1.9.0-alpha\opentelemetry-sdk-extension-autoconfigure-1.9.0-alpha.jar;C:\Users\ss585\.m2\repository\io\opentelemetry\opentelemetry-sdk-trace\1.9.0\opentelemetry-sdk-trace-1.9.0.jar;C:\Users\ss585\.m2\repository\io\opentelemetry\opentelemetry-api-metrics\1.9.0-alpha\opentelemetry-api-metrics-1.9.0-alpha.jar;C:\Users\ss585\.m2\repository\io\opentelemetry\opentelemetry-sdk\1.9.0\opentelemetry-sdk-1.9.0.jar;C:\Users\ss585\.m2\repository\io\opentelemetry\opentelemetry-semconv\1.9.0-alpha\opentelemetry-semconv-1.9.0-alpha.jar;C:\Users\ss585\.m2\repository\io\ous\jtoml\2.0.0\jtoml-2.0.0.jar;C:\Users\ss585\.m2\repository\net\bytebuddy\byte-buddy\1.12.1\byte-buddy-1.12.1.jar;C:\Users\ss585\.m2\repository\org\apache\commons\commons-exec\1.3\commons-exec-1.3.jar;C:\Users\ss585\.m2\repository\org\asynchttpclient\async-http-client\2.12.3\async-http-client-2.12.3.jar;C:\Users\ss585\.m2\repository\org\asynchttpclient\async-http-client-netty-utils\2.12.3\async-http-client-netty-utils-2.12.3.jar;C:\Users\ss585\.m2\repository\io\netty\netty-codec-socks\4.1.60.Final\netty-codec-socks-4.1.60.Final.jar;C:\Users\ss585\.m2\repository\io\netty\netty-handler-proxy\4.1.60.Final\netty-handler-proxy-4.1.60.Final.jar;C:\Users\ss585\.m2\repository\io\netty\netty-transport-native-epoll\4.1.60.Final\netty-transport-native-epoll-4.1.60.Final-linux-x86_64.jar;C:\Users\ss585\.m2\repository\io\netty\netty-transport-native-kqueue\4.1.60.Final\netty-transport-native-kqueue-4.1.60.Final-osx-x86_64.jar;C:\Users\ss585\.m2\repository\org\reactivestreams\reactive-streams\1.0.3\reactive-streams-1.0.3.jar;C:\Users\ss585\.m2\repository\com\typesafe\netty\netty-reactive-streams\2.0.4\netty-reactive-streams-2.0.4.jar;C:\Users\ss585\.m2\repository\org\slf4j\slf4j-api\1.7.30\slf4j-api-1.7.30.jar;C:\Users\ss585\.m2\repository\com\sun\activation\jakarta.activation\1.2.2\jakarta.activation-1.2.2.jar;C:\Users\ss585\.m2\repository\org\seleniumhq\selenium\selenium-http\4.1.0\selenium-http-4.1.0.jar;C:\Users\ss585\.m2\repository\net\jodah\failsafe\2.4.4\failsafe-2.4.4.jar;C:\Users\ss585\.m2\repository\org\seleniumhq\selenium\selenium-safari-driver\4.1.0\selenium-safari-driver-4.1.0.jar;C:\Users\ss585\.m2\repository\org\seleniumhq\selenium\selenium-support\4.1.0\selenium-support-4.1.0.jar;C:\Users\ss585\.m2\repository\org\apache\logging\log4j\log4j-api\2.17.1\log4j-api-2.17.1.jar;C:\Users\ss585\.m2\repository\org\apache\logging\log4j\log4j-core\2.17.1\log4j-core-2.17.1.jar;"/>
    <property name="sun.cpu.endian" value="little"/>
    <property name="user.home" value="C:\Users\ss585"/>
    <property name="user.language" value="en"/>
    <property name="java.specification.vendor" value="Oracle Corporation"/>
    <property name="java.version.date" value="2021-10-19"/>
    <property name="java.home" value="C:\Program Files\Java\jdk-17.0.1"/>
    <property name="file.separator" value="\"/>
    <property name="basedir" value="C:\git\turf\dejan\rowe"/>
    <property name="java.vm.compressedOopsMode" value="Zero based"/>
    <property name="line.separator" value="&#10;"/>
    <property name="java.vm.specification.vendor" value="Oracle Corporation"/>
    <property name="java.specification.name" value="Java Platform API Specification"/>
    <property name="surefire.real.class.path" value="C:\Users\ss585\AppData\Local\Temp\surefire7955767891621588233\surefirebooter1351206721052740583.jar"/>
    <property name="user.script" value=""/>
    <property name="sun.management.compiler" value="HotSpot 64-Bit Tiered Compilers"/>
    <property name="java.runtime.version" value="17.0.1+12-LTS-39"/>
    <property name="user.name" value="ss585"/>
    <property name="path.separator" value=";"/>
    <property name="os.version" value="10.0"/>
    <property name="java.runtime.name" value="Java(TM) SE Runtime Environment"/>
    <property name="file.encoding" value="Cp1252"/>
    <property name="java.vm.name" value="Java HotSpot(TM) 64-Bit Server VM"/>
    <property name="localRepository" value="C:\Users\ss585\.m2\repository"/>
    <property name="java.vendor.url.bug" value="https://bugreport.java.com/bugreport/"/>
    <property name="java.io.tmpdir" value="C:\Users\ss585\AppData\Local\Temp\"/>
    <property name="java.version" value="17.0.1"/>
    <property name="user.dir" value="C:\git\turf\dejan\rowe"/>
    <property name="os.arch" value="amd64"/>
    <property name="java.vm.specification.name" value="Java Virtual Machine Specification"/>
    <property name="sun.os.patch.level" value=""/>
    <property name="native.encoding" value="Cp1252"/>
    <property name="java.library.path" value="C:\Program Files\Java\jdk-17.0.1\bin;C:\WINDOWS\Sun\Java\bin;C:\WINDOWS\system32;C:\WINDOWS;C:\Program Files\Java\jdk-17.0.1\bin;C:\Mava\apache-maven-3.8.4-bin\apache-maven-3.8.4;C:\Mava\apache-maven-3.8.4-bin\apache-maven-3.8.4\bin;C:\Program Files\nodejs\node_modules\npm\bin;C:\Users\ss585\AppData\Local\Android\Sdk\platform-tools;C:\Users\ss585\AppData\Local\Android\Sdk\tools\bin;C:\Users\ss585\AppData\Local\Android\Sdk\tools;C:\Program Files\Git\bin;C:\Users\ss585\anaconda3;C:\Users\ss585\anaconda3\Library\mingw-w64\bin;C:\Users\ss585\anaconda3\Library\usr\bin;C:\Users\ss585\anaconda3\Library\bin;C:\Users\ss585\anaconda3\Scripts;C:\Users\ss585\AppData\Local\Microsoft\WindowsApps;C:\Users\ss585\AppData\Local\Programs\Microsoft VS Code\bin;C:\Users\ss585\AppData\Roaming\npm;C:\Program Files\nodejs;C:\Mava\apache-maven-3.8.4-bin\apache-maven-3.8.4;C:\Program Files\Java\jdk-17.0.1;C:\Program Files\Git\bin;;."/>
    <property name="java.vm.info" value="mixed mode, sharing"/>
    <property name="java.vendor" value="Oracle Corporation"/>
    <property name="java.vm.version" value="17.0.1+12-LTS-39"/>
    <property name="sun.io.unicode.encoding" value="UnicodeLittle"/>
    <property name="java.class.version" value="61.0"/>
  </properties>
  <testcase name="ASIAN_2023_Qualifier[Kuwait City, Group A](1)" classname="meri.kiran.vini" time="2.415">
    <failure message="expected [above Limit set for Kuwait City    at    -  10 degree] but found [44.18]" type="java.lang.AssertionError"><![CDATA[java.lang.AssertionError: expected [above Limit set for Kuwait City    at    -  10 degree] but found [44.18]
	at meri.kiran.vini.ASIAN_2023_Qualifier(vini.java:96)
]]></failure>
    <system-out><![CDATA[ place Kuwait City
 inside ReusableBall method 
Raw date is   1654946138
 beutified date is  Sat Jun 11 13:15:38 CEST 2022
extracted place for  ZipCode 1654946138 is                  Kuwait City
in


                      weatherCode n Desc are    761 n dust

                               Latitude is    29.3697

                               Longitude  is    47.9783

                                the  Nation of    KW



                                currentTemp   44.18	wind speed -   10.8

     test case failed  for Kuwait City
]]></system-out>
  </testcase>
  <testcase name="ASIAN_2023_Qualifier[Ulaanbaatar, Group B](2)" classname="meri.kiran.vini" time="0.648">
    <failure message="expected [above Limit set for Ulaanbaatar    at    -  10 degree] but found [12.07]" type="java.lang.AssertionError"><![CDATA[java.lang.AssertionError: expected [above Limit set for Ulaanbaatar    at    -  10 degree] but found [12.07]
	at meri.kiran.vini.ASIAN_2023_Qualifier(vini.java:96)
]]></failure>
    <system-out><![CDATA[ place Ulaanbaatar
 inside ReusableBall method 
Raw date is   1654946606
 beutified date is  Sat Jun 11 13:23:26 CEST 2022
extracted place for  ZipCode 1654946606 is                  Ulaanbaatar
in


                      weatherCode n Desc are    500 n light rain

                               Latitude is    47.9077

                               Longitude  is    106.8832

                                the  Nation of    MN



                                currentTemp   12.07	wind speed -   5

     test case failed  for Ulaanbaatar
]]></system-out>
  </testcase>
  <testcase name="ASIAN_2023_Qualifier[Namangan, Group C](3)" classname="meri.kiran.vini" time="0.524">
    <failure message="expected [above Limit set for Namangan    at    -  10 degree] but found [36.25]" type="java.lang.AssertionError"><![CDATA[java.lang.AssertionError: expected [above Limit set for Namangan    at    -  10 degree] but found [36.25]
	at meri.kiran.vini.ASIAN_2023_Qualifier(vini.java:96)
]]></failure>
    <system-out><![CDATA[ place Namangan
 inside ReusableBall method 
Raw date is   1654946607
 beutified date is  Sat Jun 11 13:23:27 CEST 2022
extracted place for  ZipCode 1654946607 is                  Namangan
in


                      weatherCode n Desc are    802 n scattered clouds

                               Latitude is    40.9983

                               Longitude  is    71.6726

                                the  Nation of    UZ



                                currentTemp   36.25	wind speed -   3.09

     test case failed  for Namangan
]]></system-out>
  </testcase>
  <testcase name="ASIAN_2023_Qualifier[Kolkata, Group D](4)" classname="meri.kiran.vini" time="0.388">
    <failure message="expected [above Limit set for Kolkata    at    -  10 degree] but found [31.97]" type="java.lang.AssertionError"><![CDATA[java.lang.AssertionError: expected [above Limit set for Kolkata    at    -  10 degree] but found [31.97]
	at meri.kiran.vini.ASIAN_2023_Qualifier(vini.java:96)
]]></failure>
    <system-out><![CDATA[ place Kolkata
 inside ReusableBall method 
Raw date is   1654946502
 beutified date is  Sat Jun 11 13:21:42 CEST 2022
extracted place for  ZipCode 1654946502 is                  Kolkata
in


                      weatherCode n Desc are    721 n haze

                               Latitude is    22.5697

                               Longitude  is    88.3697

                                the  Nation of    IN



                                currentTemp   31.97	wind speed -   5.66

     test case failed  for Kolkata
]]></system-out>
  </testcase>
  <testcase name="ASIAN_2023_Qualifier[kuala lumpur, Group E](5)" classname="meri.kiran.vini" time="0.39">
    <failure message="expected [above Limit set for Kuala Lumpur    at    -  10 degree] but found [24.14]" type="java.lang.AssertionError"><![CDATA[java.lang.AssertionError: expected [above Limit set for Kuala Lumpur    at    -  10 degree] but found [24.14]
	at meri.kiran.vini.ASIAN_2023_Qualifier(vini.java:96)
]]></failure>
    <system-out><![CDATA[ place kuala lumpur
 inside ReusableBall method 
Raw date is   1654946329
 beutified date is  Sat Jun 11 13:18:49 CEST 2022
extracted place for  ZipCode 1654946329 is                  Kuala Lumpur
in


                      weatherCode n Desc are    200 n thunderstorm with light rain

                               Latitude is    3.1431

                               Longitude  is    101.6865

                                the  Nation of    MY



                                currentTemp   24.14	wind speed -   2.57

     test case failed  for Kuala Lumpur
]]></system-out>
  </testcase>
  <testcase name="ASIAN_2023_Qualifier[Bishkek, Group F](6)" classname="meri.kiran.vini" time="0.62">
    <failure message="expected [above Limit set for Bishkek    at    -  10 degree] but found [30.11]" type="java.lang.AssertionError"><![CDATA[java.lang.AssertionError: expected [above Limit set for Bishkek    at    -  10 degree] but found [30.11]
	at meri.kiran.vini.ASIAN_2023_Qualifier(vini.java:96)
]]></failure>
    <system-out><![CDATA[ place Bishkek
 inside ReusableBall method 
Raw date is   1654946528
 beutified date is  Sat Jun 11 13:22:08 CEST 2022
extracted place for  ZipCode 1654946528 is                  Bishkek
in


                      weatherCode n Desc are    803 n broken clouds

                               Latitude is    42.87

                               Longitude  is    74.59

                                the  Nation of    KG



                                currentTemp   30.11	wind speed -   3.53

     test case failed  for Bishkek
]]></system-out>
  </testcase>
  <testcase name="dataProbhiderAPI[Kiel, EuropaLeague](1)" classname="meri.kiran.vini" time="0.149">
    <system-out><![CDATA[ place Kiel
 inside ReusableBall method 
Raw date is   1654946433
 beutified date is  Sat Jun 11 13:20:33 CEST 2022
extracted place for  ZipCode 1654946433 is                  Kiel
in


                      weatherCode n Desc are    801 n few clouds

                               Latitude is    54.3213

                               Longitude  is    10.1349

                                the  Nation of    DE



                                currentTemp   20.86	wind speed -   7.72

]]></system-out>
  </testcase>
  <testcase name="dataProbhiderAPI[Rostock, EuropaLeague](2)" classname="meri.kiran.vini" time="0.533">
    <failure message="expected [above Limit set for Rostock    at    -  22 degree] but found [22.23]" type="java.lang.AssertionError"><![CDATA[java.lang.AssertionError: expected [above Limit set for Rostock    at    -  22 degree] but found [22.23]
	at meri.kiran.vini.dataProbhiderAPI(vini.java:76)
]]></failure>
    <system-out><![CDATA[ place Rostock
 inside ReusableBall method 
Raw date is   1654946408
 beutified date is  Sat Jun 11 13:20:08 CEST 2022
extracted place for  ZipCode 1654946408 is                  Rostock
in


                      weatherCode n Desc are    803 n broken clouds

                               Latitude is    54.0887

                               Longitude  is    12.1405

                                the  Nation of    DE



                                currentTemp   22.23	wind speed -   5.76

     test case failed  for Rostock
]]></system-out>
  </testcase>
  <testcase name="dataProbhiderAPI[Hamburg, EuropaLeague](3)" classname="meri.kiran.vini" time="0.27">
    <failure message="expected [above Limit set for Hamburg    at    -  22 degree] but found [22.72]" type="java.lang.AssertionError"><![CDATA[java.lang.AssertionError: expected [above Limit set for Hamburg    at    -  22 degree] but found [22.72]
	at meri.kiran.vini.dataProbhiderAPI(vini.java:76)
]]></failure>
    <system-out><![CDATA[ place Hamburg
 inside ReusableBall method 
Raw date is   1654946494
 beutified date is  Sat Jun 11 13:21:34 CEST 2022
extracted place for  ZipCode 1654946494 is                  Hamburg
in


                      weatherCode n Desc are    802 n scattered clouds

                               Latitude is    53.55

                               Longitude  is    10

                                the  Nation of    DE



                                currentTemp   22.72	wind speed -   5.66

     test case failed  for Hamburg
]]></system-out>
  </testcase>
  <testcase name="dataProbhiderAPI[St. Pauli, UCL](4)" classname="meri.kiran.vini" time="0.475">
    <failure message="expected [above Limit set for St. Pauli    at    -  22 degree] but found [22.69]" type="java.lang.AssertionError"><![CDATA[java.lang.AssertionError: expected [above Limit set for St. Pauli    at    -  22 degree] but found [22.69]
	at meri.kiran.vini.dataProbhiderAPI(vini.java:76)
]]></failure>
    <system-out><![CDATA[ place St. Pauli
 inside ReusableBall method 
Raw date is   1654946708
 beutified date is  Sat Jun 11 13:25:08 CEST 2022
extracted place for  ZipCode 1654946708 is                  St. Pauli
in


                      weatherCode n Desc are    802 n scattered clouds

                               Latitude is    53.557

                               Longitude  is    9.964

                                the  Nation of    DE



                                currentTemp   22.69	wind speed -   5.66

     test case failed  for St. Pauli
]]></system-out>
  </testcase>
  <testcase name="dataProbhiderAPI[Magdeburg, UCL](5)" classname="meri.kiran.vini" time="0.319">
    <failure message="expected [above Limit set for Magdeburg    at    -  22 degree] but found [26.07]" type="java.lang.AssertionError"><![CDATA[java.lang.AssertionError: expected [above Limit set for Magdeburg    at    -  22 degree] but found [26.07]
	at meri.kiran.vini.dataProbhiderAPI(vini.java:76)
]]></failure>
    <system-out><![CDATA[ place Magdeburg
 inside ReusableBall method 
Raw date is   1654946530
 beutified date is  Sat Jun 11 13:22:10 CEST 2022
extracted place for  ZipCode 1654946530 is                  Magdeburg
in


                      weatherCode n Desc are    804 n overcast clouds

                               Latitude is    52.1667

                               Longitude  is    11.6667

                                the  Nation of    DE



                                currentTemp   26.07	wind speed -   4.47

     test case failed  for Magdeburg
]]></system-out>
  </testcase>
  <testcase name="dataProbhiderAPI[Furth, UCL](6)" classname="meri.kiran.vini" time="0.331">
    <failure message="expected [above Limit set for Fürth    at    -  22 degree] but found [24.96]" type="java.lang.AssertionError"><![CDATA[java.lang.AssertionError: expected [above Limit set for Fürth    at    -  22 degree] but found [24.96]
	at meri.kiran.vini.dataProbhiderAPI(vini.java:76)
]]></failure>
    <system-out><![CDATA[ place Furth
 inside ReusableBall method 
Raw date is   1654946709
 beutified date is  Sat Jun 11 13:25:09 CEST 2022
extracted place for  ZipCode 1654946709 is                  Fürth
in


                      weatherCode n Desc are    800 n clear sky

                               Latitude is    49.4759

                               Longitude  is    10.9886

                                the  Nation of    DE



                                currentTemp   24.96	wind speed -   4.12

     test case failed  for Fürth
]]></system-out>
  </testcase>
  <testcase name="dataProbhiderAPI[Nuremberg, EuropaLeague](7)" classname="meri.kiran.vini" time="0.518">
    <failure message="expected [above Limit set for Nuremberg    at    -  22 degree] but found [24.8]" type="java.lang.AssertionError"><![CDATA[java.lang.AssertionError: expected [above Limit set for Nuremberg    at    -  22 degree] but found [24.8]
	at meri.kiran.vini.dataProbhiderAPI(vini.java:76)
]]></failure>
    <system-out><![CDATA[ place Nuremberg
 inside ReusableBall method 
Raw date is   1654946695
 beutified date is  Sat Jun 11 13:24:55 CEST 2022
extracted place for  ZipCode 1654946695 is                  Nuremberg
in


                      weatherCode n Desc are    800 n clear sky

                               Latitude is    49.4478

                               Longitude  is    11.0683

                                the  Nation of    DE



                                currentTemp   24.8	wind speed -   4.12

     test case failed  for Nuremberg
]]></system-out>
  </testcase>
  <testcase name="dataProbhiderAPI[Regensburg, EuropaLeague](8)" classname="meri.kiran.vini" time="0.511">
    <failure message="expected [above Limit set for Regensburg    at    -  22 degree] but found [24.76]" type="java.lang.AssertionError"><![CDATA[java.lang.AssertionError: expected [above Limit set for Regensburg    at    -  22 degree] but found [24.76]
	at meri.kiran.vini.dataProbhiderAPI(vini.java:76)
]]></failure>
    <system-out><![CDATA[ place Regensburg
 inside ReusableBall method 
Raw date is   1654946427
 beutified date is  Sat Jun 11 13:20:27 CEST 2022
extracted place for  ZipCode 1654946427 is                  Regensburg
in


                      weatherCode n Desc are    800 n clear sky

                               Latitude is    49.015

                               Longitude  is    12.0956

                                the  Nation of    DE



                                currentTemp   24.76	wind speed -   0.45

     test case failed  for Regensburg
]]></system-out>
  </testcase>
  <testcase name="dataProbhiderAPI[Heidenheim, EuropaLeague](9)" classname="meri.kiran.vini" time="0.345">
    <failure message="expected [above Limit set for Heidenheim    at    -  22 degree] but found [22.43]" type="java.lang.AssertionError"><![CDATA[java.lang.AssertionError: expected [above Limit set for Heidenheim    at    -  22 degree] but found [22.43]
	at meri.kiran.vini.dataProbhiderAPI(vini.java:76)
]]></failure>
    <system-out><![CDATA[ place Heidenheim
 inside ReusableBall method 
Raw date is   1654946576
 beutified date is  Sat Jun 11 13:22:56 CEST 2022
extracted place for  ZipCode 1654946576 is                  Heidenheim
in


                      weatherCode n Desc are    500 n light rain

                               Latitude is    48.678

                               Longitude  is    10.1516

                                the  Nation of    DE



                                currentTemp   22.43	wind speed -   1.27

     test case failed  for Heidenheim
]]></system-out>
  </testcase>
  <testcase name="dataProbhiderAPI[Sandhausen, UCL](10)" classname="meri.kiran.vini" time="0.512">
    <failure message="expected [above Limit set for Sandhausen    at    -  22 degree] but found [25.83]" type="java.lang.AssertionError"><![CDATA[java.lang.AssertionError: expected [above Limit set for Sandhausen    at    -  22 degree] but found [25.83]
	at meri.kiran.vini.dataProbhiderAPI(vini.java:76)
]]></failure>
    <system-out><![CDATA[ place Sandhausen
 inside ReusableBall method 
Raw date is   1654946601
 beutified date is  Sat Jun 11 13:23:21 CEST 2022
extracted place for  ZipCode 1654946601 is                  Sandhausen
in


                      weatherCode n Desc are    800 n clear sky

                               Latitude is    49.3428

                               Longitude  is    8.6592

                                the  Nation of    DE



                                currentTemp   25.83	wind speed -   2.57

     test case failed  for Sandhausen
]]></system-out>
  </testcase>
  <testcase name="dataProbhiderAPI[Karlsruhe, UCL](11)" classname="meri.kiran.vini" time="0.444">
    <failure message="expected [above Limit set for Karlsruhe    at    -  22 degree] but found [26.95]" type="java.lang.AssertionError"><![CDATA[java.lang.AssertionError: expected [above Limit set for Karlsruhe    at    -  22 degree] but found [26.95]
	at meri.kiran.vini.dataProbhiderAPI(vini.java:76)
]]></failure>
    <system-out><![CDATA[ place Karlsruhe
 inside ReusableBall method 
Raw date is   1654946458
 beutified date is  Sat Jun 11 13:20:58 CEST 2022
extracted place for  ZipCode 1654946458 is                  Karlsruhe
in


                      weatherCode n Desc are    800 n clear sky

                               Latitude is    49.0047

                               Longitude  is    8.3858

                                the  Nation of    DE



                                currentTemp   26.95	wind speed -   1.5

     test case failed  for Karlsruhe
]]></system-out>
  </testcase>
  <testcase name="dataProbhiderAPI[kaiserslautern, UCL](12)" classname="meri.kiran.vini" time="0.562">
    <failure message="expected [above Limit set for Kaiserslautern    at    -  22 degree] but found [25.03]" type="java.lang.AssertionError"><![CDATA[java.lang.AssertionError: expected [above Limit set for Kaiserslautern    at    -  22 degree] but found [25.03]
	at meri.kiran.vini.dataProbhiderAPI(vini.java:76)
]]></failure>
    <system-out><![CDATA[ place kaiserslautern
 inside ReusableBall method 
Raw date is   1654946712
 beutified date is  Sat Jun 11 13:25:12 CEST 2022
extracted place for  ZipCode 1654946712 is                  Kaiserslautern
in


                      weatherCode n Desc are    801 n few clouds

                               Latitude is    49.45

                               Longitude  is    7.75

                                the  Nation of    DE



                                currentTemp   25.03	wind speed -   2.06

     test case failed  for Kaiserslautern
]]></system-out>
  </testcase>
  <testcase name="dataProbhiderAPI[Darmstadt, UCL](13)" classname="meri.kiran.vini" time="0.604">
    <failure message="expected [above Limit set for Regierungsbezirk Darmstadt    at    -  22 degree] but found [25.84]" type="java.lang.AssertionError"><![CDATA[java.lang.AssertionError: expected [above Limit set for Regierungsbezirk Darmstadt    at    -  22 degree] but found [25.84]
	at meri.kiran.vini.dataProbhiderAPI(vini.java:76)
]]></failure>
    <system-out><![CDATA[ place Darmstadt
 inside ReusableBall method 
Raw date is   1654946704
 beutified date is  Sat Jun 11 13:25:04 CEST 2022
extracted place for  ZipCode 1654946704 is                  Regierungsbezirk Darmstadt
in


                      weatherCode n Desc are    800 n clear sky

                               Latitude is    49.8333

                               Longitude  is    8.6667

                                the  Nation of    DE



                                currentTemp   25.84	wind speed -   2.42

     test case failed  for Regierungsbezirk Darmstadt
]]></system-out>
  </testcase>
  <testcase name="dataProbhiderAPI[Dusseldorf, UCL](14)" classname="meri.kiran.vini" time="0.556">
    <system-out><![CDATA[ place Dusseldorf
 inside ReusableBall method 
Raw date is   1654946520
 beutified date is  Sat Jun 11 13:22:00 CEST 2022
extracted place for  ZipCode 1654946520 is                  Düsseldorf
in


                      weatherCode n Desc are    802 n scattered clouds

                               Latitude is    51.2217

                               Longitude  is    6.7762

                                the  Nation of    DE



                                currentTemp   21.89	wind speed -   4.12

]]></system-out>
  </testcase>
  <testcase name="dataProbhiderAPI[Paderborn, EuropaLeague](15)" classname="meri.kiran.vini" time="0.359">
    <system-out><![CDATA[ place Paderborn
 inside ReusableBall method 
Raw date is   1654946683
 beutified date is  Sat Jun 11 13:24:43 CEST 2022
extracted place for  ZipCode 1654946683 is                  Paderborn
in


                      weatherCode n Desc are    802 n scattered clouds

                               Latitude is    51.7191

                               Longitude  is    8.7544

                                the  Nation of    DE



                                currentTemp   21.67	wind speed -   3.09

]]></system-out>
  </testcase>
  <testcase name="dataProbhiderAPI[Bielefeld, EuropaLeague](16)" classname="meri.kiran.vini" time="0.358">
    <failure message="expected [above Limit set for Bielefeld    at    -  22 degree] but found [22.89]" type="java.lang.AssertionError"><![CDATA[java.lang.AssertionError: expected [above Limit set for Bielefeld    at    -  22 degree] but found [22.89]
	at meri.kiran.vini.dataProbhiderAPI(vini.java:76)
]]></failure>
    <system-out><![CDATA[ place Bielefeld
 inside ReusableBall method 
Raw date is   1654946568
 beutified date is  Sat Jun 11 13:22:48 CEST 2022
extracted place for  ZipCode 1654946568 is                  Bielefeld
in


                      weatherCode n Desc are    803 n broken clouds

                               Latitude is    52.0333

                               Longitude  is    8.5333

                                the  Nation of    DE



                                currentTemp   22.89	wind speed -   4.61

     test case failed  for Bielefeld
]]></system-out>
  </testcase>
  <testcase name="dataProbhiderAPI[Hannover, EuropaLeague](17)" classname="meri.kiran.vini" time="0.368">
    <failure message="expected [above Limit set for Hanover    at    -  22 degree] but found [24.39]" type="java.lang.AssertionError"><![CDATA[java.lang.AssertionError: expected [above Limit set for Hanover    at    -  22 degree] but found [24.39]
	at meri.kiran.vini.dataProbhiderAPI(vini.java:76)
]]></failure>
    <system-out><![CDATA[ place Hannover
 inside ReusableBall method 
Raw date is   1654946588
 beutified date is  Sat Jun 11 13:23:08 CEST 2022
extracted place for  ZipCode 1654946588 is                  Hanover
in


                      weatherCode n Desc are    801 n few clouds

                               Latitude is    52.3705

                               Longitude  is    9.7332

                                the  Nation of    DE



                                currentTemp   24.39	wind speed -   6.17

     test case failed  for Hanover
]]></system-out>
  </testcase>
  <testcase name="dataProbhiderAPI[Braunschweig, UCL](18)" classname="meri.kiran.vini" time="0.378">
    <failure message="expected [above Limit set for Braunschweig    at    -  22 degree] but found [24.6]" type="java.lang.AssertionError"><![CDATA[java.lang.AssertionError: expected [above Limit set for Braunschweig    at    -  22 degree] but found [24.6]
	at meri.kiran.vini.dataProbhiderAPI(vini.java:76)
]]></failure>
    <system-out><![CDATA[ place Braunschweig
 inside ReusableBall method 
Raw date is   1654946445
 beutified date is  Sat Jun 11 13:20:45 CEST 2022
extracted place for  ZipCode 1654946445 is                  Braunschweig
in


                      weatherCode n Desc are    802 n scattered clouds

                               Latitude is    52.2667

                               Longitude  is    10.5333

                                the  Nation of    DE



                                currentTemp   24.6	wind speed -   5.14

     test case failed  for Braunschweig
]]></system-out>
  </testcase>
</testsuite>