<?xml version="1.0" encoding="UTF-8"?>
<testsuite xmlns:xsi="http://www.w3.org/2001/XMLSchema-instance" xsi:noNamespaceSchemaLocation="https://maven.apache.org/surefire/maven-surefire-plugin/xsd/surefire-test-report-3.0.xsd" version="3.0" name="TestSuite" time="46.58" tests="1" errors="0" skipped="0" failures="0">
  <properties>
    <property name="java.specification.version" value="17"/>
    <property name="sun.cpu.isalist" value="amd64"/>
    <property name="sun.jnu.encoding" value="Cp1252"/>
    <property name="java.class.path" value="C:\git\turf\dejan\rowe\target\test-classes;C:\git\turf\dejan\rowe\target\classes;C:\Users\ss585\.m2\repository\io\cucumber\cucumber-java\7.2.1\cucumber-java-7.2.1.jar;C:\Users\ss585\.m2\repository\io\cucumber\cucumber-core\7.2.1\cucumber-core-7.2.1.jar;C:\Users\ss585\.m2\repository\io\cucumber\cucumber-gherkin\7.2.1\cucumber-gherkin-7.2.1.jar;C:\Users\ss585\.m2\repository\io\cucumber\cucumber-gherkin-messages\7.2.1\cucumber-gherkin-messages-7.2.1.jar;C:\Users\ss585\.m2\repository\io\cucumber\messages\17.1.1\messages-17.1.1.jar;C:\Users\ss585\.m2\repository\io\cucumber\tag-expressions\4.1.0\tag-expressions-4.1.0.jar;C:\Users\ss585\.m2\repository\io\cucumber\cucumber-expressions\13.0.1\cucumber-expressions-13.0.1.jar;C:\Users\ss585\.m2\repository\io\cucumber\datatable\7.2.1\datatable-7.2.1.jar;C:\Users\ss585\.m2\repository\io\cucumber\cucumber-plugin\7.2.1\cucumber-plugin-7.2.1.jar;C:\Users\ss585\.m2\repository\io\cucumber\docstring\7.2.1\docstring-7.2.1.jar;C:\Users\ss585\.m2\repository\io\cucumber\html-formatter\17.0.0\html-formatter-17.0.0.jar;C:\Users\ss585\.m2\repository\io\cucumber\ci-environment\8.1.0\ci-environment-8.1.0.jar;C:\Users\ss585\.m2\repository\org\apiguardian\apiguardian-api\1.1.2\apiguardian-api-1.1.2.jar;C:\Users\ss585\.m2\repository\io\cucumber\cucumber-junit\7.2.1\cucumber-junit-7.2.1.jar;C:\Users\ss585\.m2\repository\junit\junit\4.12\junit-4.12.jar;C:\Users\ss585\.m2\repository\org\hamcrest\hamcrest-core\1.3\hamcrest-core-1.3.jar;C:\Users\ss585\.m2\repository\info\cukes\cucumber-junit\1.2.5\cucumber-junit-1.2.5.jar;C:\Users\ss585\.m2\repository\info\cukes\cucumber-core\1.2.5\cucumber-core-1.2.5.jar;C:\Users\ss585\.m2\repository\info\cukes\cucumber-html\0.2.3\cucumber-html-0.2.3.jar;C:\Users\ss585\.m2\repository\info\cukes\cucumber-jvm-deps\1.0.5\cucumber-jvm-deps-1.0.5.jar;C:\Users\ss585\.m2\repository\info\cukes\gherkin\2.12.2\gherkin-2.12.2.jar;C:\Users\ss585\.m2\repository\io\rest-assured\rest-assured\4.4.0\rest-assured-4.4.0.jar;C:\Users\ss585\.m2\repository\org\codehaus\groovy\groovy\3.0.8\groovy-3.0.8.jar;C:\Users\ss585\.m2\repository\org\codehaus\groovy\groovy-xml\3.0.8\groovy-xml-3.0.8.jar;C:\Users\ss585\.m2\repository\org\apache\httpcomponents\httpclient\4.5.13\httpclient-4.5.13.jar;C:\Users\ss585\.m2\repository\org\apache\httpcomponents\httpcore\4.4.13\httpcore-4.4.13.jar;C:\Users\ss585\.m2\repository\commons-logging\commons-logging\1.2\commons-logging-1.2.jar;C:\Users\ss585\.m2\repository\org\apache\httpcomponents\httpmime\4.5.13\httpmime-4.5.13.jar;C:\Users\ss585\.m2\repository\org\ccil\cowan\tagsoup\tagsoup\1.2.1\tagsoup-1.2.1.jar;C:\Users\ss585\.m2\repository\io\rest-assured\json-path\4.4.0\json-path-4.4.0.jar;C:\Users\ss585\.m2\repository\org\codehaus\groovy\groovy-json\3.0.8\groovy-json-3.0.8.jar;C:\Users\ss585\.m2\repository\io\rest-assured\rest-assured-common\4.4.0\rest-assured-common-4.4.0.jar;C:\Users\ss585\.m2\repository\io\rest-assured\xml-path\4.4.0\xml-path-4.4.0.jar;C:\Users\ss585\.m2\repository\org\apache\commons\commons-lang3\3.11\commons-lang3-3.11.jar;C:\Users\ss585\.m2\repository\jakarta\xml\bind\jakarta.xml.bind-api\2.3.3\jakarta.xml.bind-api-2.3.3.jar;C:\Users\ss585\.m2\repository\jakarta\activation\jakarta.activation-api\1.2.2\jakarta.activation-api-1.2.2.jar;C:\Users\ss585\.m2\repository\com\sun\xml\bind\jaxb-impl\2.3.3\jaxb-impl-2.3.3.jar;C:\Users\ss585\.m2\repository\org\testng\testng\7.4.0\testng-7.4.0.jar;C:\Users\ss585\.m2\repository\com\beust\jcommander\1.78\jcommander-1.78.jar;C:\Users\ss585\.m2\repository\org\webjars\jquery\3.5.1\jquery-3.5.1.jar;C:\Users\ss585\.m2\repository\org\hamcrest\hamcrest\2.2\hamcrest-2.2.jar;C:\Users\ss585\.m2\repository\org\apache\poi\poi\4.1.2\poi-4.1.2.jar;C:\Users\ss585\.m2\repository\commons-codec\commons-codec\1.13\commons-codec-1.13.jar;C:\Users\ss585\.m2\repository\org\apache\commons\commons-collections4\4.4\commons-collections4-4.4.jar;C:\Users\ss585\.m2\repository\org\apache\commons\commons-math3\3.6.1\commons-math3-3.6.1.jar;C:\Users\ss585\.m2\repository\com\zaxxer\SparseBitSet\1.2\SparseBitSet-1.2.jar;C:\Users\ss585\.m2\repository\org\apache\poi\poi-excelant\4.1.2\poi-excelant-4.1.2.jar;C:\Users\ss585\.m2\repository\org\apache\poi\poi-ooxml\4.1.2\poi-ooxml-4.1.2.jar;C:\Users\ss585\.m2\repository\org\apache\poi\poi-ooxml-schemas\4.1.2\poi-ooxml-schemas-4.1.2.jar;C:\Users\ss585\.m2\repository\org\apache\xmlbeans\xmlbeans\3.1.0\xmlbeans-3.1.0.jar;C:\Users\ss585\.m2\repository\org\apache\commons\commons-compress\1.19\commons-compress-1.19.jar;C:\Users\ss585\.m2\repository\com\github\virtuald\curvesapi\1.06\curvesapi-1.06.jar;C:\Users\ss585\.m2\repository\org\apache\ant\ant\1.8.2\ant-1.8.2.jar;C:\Users\ss585\.m2\repository\org\apache\ant\ant-launcher\1.8.2\ant-launcher-1.8.2.jar;C:\Users\ss585\.m2\repository\org\seleniumhq\selenium\selenium-java\4.1.0\selenium-java-4.1.0.jar;C:\Users\ss585\.m2\repository\org\seleniumhq\selenium\selenium-api\4.1.0\selenium-api-4.1.0.jar;C:\Users\ss585\.m2\repository\org\seleniumhq\selenium\selenium-chrome-driver\4.1.0\selenium-chrome-driver-4.1.0.jar;C:\Users\ss585\.m2\repository\com\google\auto\service\auto-service-annotations\1.0.1\auto-service-annotations-1.0.1.jar;C:\Users\ss585\.m2\repository\com\google\auto\service\auto-service\1.0.1\auto-service-1.0.1.jar;C:\Users\ss585\.m2\repository\com\google\auto\auto-common\1.2\auto-common-1.2.jar;C:\Users\ss585\.m2\repository\com\google\guava\guava\31.0.1-jre\guava-31.0.1-jre.jar;C:\Users\ss585\.m2\repository\com\google\guava\failureaccess\1.0.1\failureaccess-1.0.1.jar;C:\Users\ss585\.m2\repository\com\google\guava\listenablefuture\9999.0-empty-to-avoid-conflict-with-guava\listenablefuture-9999.0-empty-to-avoid-conflict-with-guava.jar;C:\Users\ss585\.m2\repository\com\google\code\findbugs\jsr305\3.0.2\jsr305-3.0.2.jar;C:\Users\ss585\.m2\repository\org\checkerframework\checker-qual\3.12.0\checker-qual-3.12.0.jar;C:\Users\ss585\.m2\repository\com\google\errorprone\error_prone_annotations\2.7.1\error_prone_annotations-2.7.1.jar;C:\Users\ss585\.m2\repository\com\google\j2objc\j2objc-annotations\1.3\j2objc-annotations-1.3.jar;C:\Users\ss585\.m2\repository\org\seleniumhq\selenium\selenium-chromium-driver\4.1.0\selenium-chromium-driver-4.1.0.jar;C:\Users\ss585\.m2\repository\org\seleniumhq\selenium\selenium-json\4.1.0\selenium-json-4.1.0.jar;C:\Users\ss585\.m2\repository\org\seleniumhq\selenium\selenium-devtools-v85\4.1.0\selenium-devtools-v85-4.1.0.jar;C:\Users\ss585\.m2\repository\org\seleniumhq\selenium\selenium-devtools-v94\4.1.0\selenium-devtools-v94-4.1.0.jar;C:\Users\ss585\.m2\repository\org\seleniumhq\selenium\selenium-devtools-v95\4.1.0\selenium-devtools-v95-4.1.0.jar;C:\Users\ss585\.m2\repository\org\seleniumhq\selenium\selenium-devtools-v96\4.1.0\selenium-devtools-v96-4.1.0.jar;C:\Users\ss585\.m2\repository\org\seleniumhq\selenium\selenium-edge-driver\4.1.0\selenium-edge-driver-4.1.0.jar;C:\Users\ss585\.m2\repository\org\seleniumhq\selenium\selenium-firefox-driver\4.1.0\selenium-firefox-driver-4.1.0.jar;C:\Users\ss585\.m2\repository\org\seleniumhq\selenium\selenium-firefox-xpi-driver\4.1.0\selenium-firefox-xpi-driver-4.1.0.jar;C:\Users\ss585\.m2\repository\org\seleniumhq\selenium\selenium-ie-driver\4.1.0\selenium-ie-driver-4.1.0.jar;C:\Users\ss585\.m2\repository\org\seleniumhq\selenium\selenium-opera-driver\4.1.0\selenium-opera-driver-4.1.0.jar;C:\Users\ss585\.m2\repository\org\seleniumhq\selenium\selenium-remote-driver\4.1.0\selenium-remote-driver-4.1.0.jar;C:\Users\ss585\.m2\repository\io\netty\netty-buffer\4.1.69.Final\netty-buffer-4.1.69.Final.jar;C:\Users\ss585\.m2\repository\io\netty\netty-codec-http\4.1.69.Final\netty-codec-http-4.1.69.Final.jar;C:\Users\ss585\.m2\repository\io\netty\netty-codec\4.1.69.Final\netty-codec-4.1.69.Final.jar;C:\Users\ss585\.m2\repository\io\netty\netty-handler\4.1.69.Final\netty-handler-4.1.69.Final.jar;C:\Users\ss585\.m2\repository\io\netty\netty-common\4.1.69.Final\netty-common-4.1.69.Final.jar;C:\Users\ss585\.m2\repository\io\netty\netty-transport-native-epoll\4.1.69.Final\netty-transport-native-epoll-4.1.69.Final.jar;C:\Users\ss585\.m2\repository\io\netty\netty-transport-native-kqueue\4.1.69.Final\netty-transport-native-kqueue-4.1.69.Final.jar;C:\Users\ss585\.m2\repository\io\netty\netty-transport-native-unix-common\4.1.69.Final\netty-transport-native-unix-common-4.1.69.Final.jar;C:\Users\ss585\.m2\repository\io\netty\netty-transport\4.1.69.Final\netty-transport-4.1.69.Final.jar;C:\Users\ss585\.m2\repository\io\netty\netty-resolver\4.1.69.Final\netty-resolver-4.1.69.Final.jar;C:\Users\ss585\.m2\repository\io\opentelemetry\opentelemetry-api\1.9.0\opentelemetry-api-1.9.0.jar;C:\Users\ss585\.m2\repository\io\opentelemetry\opentelemetry-context\1.9.0\opentelemetry-context-1.9.0.jar;C:\Users\ss585\.m2\repository\io\opentelemetry\opentelemetry-exporter-logging\1.9.0\opentelemetry-exporter-logging-1.9.0.jar;C:\Users\ss585\.m2\repository\io\opentelemetry\opentelemetry-sdk-metrics\1.9.0-alpha\opentelemetry-sdk-metrics-1.9.0-alpha.jar;C:\Users\ss585\.m2\repository\io\opentelemetry\opentelemetry-sdk-logs\1.9.0-alpha\opentelemetry-sdk-logs-1.9.0-alpha.jar;C:\Users\ss585\.m2\repository\com\fasterxml\jackson\core\jackson-databind\2.13.0\jackson-databind-2.13.0.jar;C:\Users\ss585\.m2\repository\com\fasterxml\jackson\core\jackson-annotations\2.13.0\jackson-annotations-2.13.0.jar;C:\Users\ss585\.m2\repository\com\fasterxml\jackson\core\jackson-core\2.13.0\jackson-core-2.13.0.jar;C:\Users\ss585\.m2\repository\io\opentelemetry\opentelemetry-sdk-common\1.9.0\opentelemetry-sdk-common-1.9.0.jar;C:\Users\ss585\.m2\repository\io\opentelemetry\opentelemetry-sdk-extension-autoconfigure-spi\1.9.0\opentelemetry-sdk-extension-autoconfigure-spi-1.9.0.jar;C:\Users\ss585\.m2\repository\io\opentelemetry\opentelemetry-sdk-extension-autoconfigure\1.9.0-alpha\opentelemetry-sdk-extension-autoconfigure-1.9.0-alpha.jar;C:\Users\ss585\.m2\repository\io\opentelemetry\opentelemetry-sdk-trace\1.9.0\opentelemetry-sdk-trace-1.9.0.jar;C:\Users\ss585\.m2\repository\io\opentelemetry\opentelemetry-api-metrics\1.9.0-alpha\opentelemetry-api-metrics-1.9.0-alpha.jar;C:\Users\ss585\.m2\repository\io\opentelemetry\opentelemetry-sdk\1.9.0\opentelemetry-sdk-1.9.0.jar;C:\Users\ss585\.m2\repository\io\opentelemetry\opentelemetry-semconv\1.9.0-alpha\opentelemetry-semconv-1.9.0-alpha.jar;C:\Users\ss585\.m2\repository\io\ous\jtoml\2.0.0\jtoml-2.0.0.jar;C:\Users\ss585\.m2\repository\net\bytebuddy\byte-buddy\1.12.1\byte-buddy-1.12.1.jar;C:\Users\ss585\.m2\repository\org\apache\commons\commons-exec\1.3\commons-exec-1.3.jar;C:\Users\ss585\.m2\repository\org\asynchttpclient\async-http-client\2.12.3\async-http-client-2.12.3.jar;C:\Users\ss585\.m2\repository\org\asynchttpclient\async-http-client-netty-utils\2.12.3\async-http-client-netty-utils-2.12.3.jar;C:\Users\ss585\.m2\repository\io\netty\netty-codec-socks\4.1.60.Final\netty-codec-socks-4.1.60.Final.jar;C:\Users\ss585\.m2\repository\io\netty\netty-handler-proxy\4.1.60.Final\netty-handler-proxy-4.1.60.Final.jar;C:\Users\ss585\.m2\repository\io\netty\netty-transport-native-epoll\4.1.60.Final\netty-transport-native-epoll-4.1.60.Final-linux-x86_64.jar;C:\Users\ss585\.m2\repository\io\netty\netty-transport-native-kqueue\4.1.60.Final\netty-transport-native-kqueue-4.1.60.Final-osx-x86_64.jar;C:\Users\ss585\.m2\repository\org\reactivestreams\reactive-streams\1.0.3\reactive-streams-1.0.3.jar;C:\Users\ss585\.m2\repository\com\typesafe\netty\netty-reactive-streams\2.0.4\netty-reactive-streams-2.0.4.jar;C:\Users\ss585\.m2\repository\org\slf4j\slf4j-api\1.7.30\slf4j-api-1.7.30.jar;C:\Users\ss585\.m2\repository\com\sun\activation\jakarta.activation\1.2.2\jakarta.activation-1.2.2.jar;C:\Users\ss585\.m2\repository\org\seleniumhq\selenium\selenium-http\4.1.0\selenium-http-4.1.0.jar;C:\Users\ss585\.m2\repository\net\jodah\failsafe\2.4.4\failsafe-2.4.4.jar;C:\Users\ss585\.m2\repository\org\seleniumhq\selenium\selenium-safari-driver\4.1.0\selenium-safari-driver-4.1.0.jar;C:\Users\ss585\.m2\repository\org\seleniumhq\selenium\selenium-support\4.1.0\selenium-support-4.1.0.jar;C:\Users\ss585\.m2\repository\org\apache\logging\log4j\log4j-api\2.17.1\log4j-api-2.17.1.jar;C:\Users\ss585\.m2\repository\org\apache\logging\log4j\log4j-core\2.17.1\log4j-core-2.17.1.jar;"/>
    <property name="java.vm.vendor" value="Oracle Corporation"/>
    <property name="sun.arch.data.model" value="64"/>
    <property name="user.variant" value=""/>
    <property name="java.vendor.url" value="https://java.oracle.com/"/>
    <property name="user.timezone" value="Europe/Berlin"/>
    <property name="os.name" value="Windows 10"/>
    <property name="java.vm.specification.version" value="17"/>
    <property name="sun.java.launcher" value="SUN_STANDARD"/>
    <property name="user.country" value="US"/>
    <property name="sun.boot.library.path" value="C:\Program Files\Java\jdk-17.0.1\bin"/>
    <property name="sun.java.command" value="C:\Users\ss585\AppData\Local\Temp\surefire9631340179843595816\surefirebooter15559150424350347814.jar C:\Users\ss585\AppData\Local\Temp\surefire9631340179843595816 2022-02-20T12-11-11_098-jvmRun1 surefire14918071655685785392tmp surefire_018392158387197657178tmp"/>
    <property name="jdk.debug" value="release"/>
    <property name="surefire.test.class.path" value="C:\git\turf\dejan\rowe\target\test-classes;C:\git\turf\dejan\rowe\target\classes;C:\Users\ss585\.m2\repository\io\cucumber\cucumber-java\7.2.1\cucumber-java-7.2.1.jar;C:\Users\ss585\.m2\repository\io\cucumber\cucumber-core\7.2.1\cucumber-core-7.2.1.jar;C:\Users\ss585\.m2\repository\io\cucumber\cucumber-gherkin\7.2.1\cucumber-gherkin-7.2.1.jar;C:\Users\ss585\.m2\repository\io\cucumber\cucumber-gherkin-messages\7.2.1\cucumber-gherkin-messages-7.2.1.jar;C:\Users\ss585\.m2\repository\io\cucumber\messages\17.1.1\messages-17.1.1.jar;C:\Users\ss585\.m2\repository\io\cucumber\tag-expressions\4.1.0\tag-expressions-4.1.0.jar;C:\Users\ss585\.m2\repository\io\cucumber\cucumber-expressions\13.0.1\cucumber-expressions-13.0.1.jar;C:\Users\ss585\.m2\repository\io\cucumber\datatable\7.2.1\datatable-7.2.1.jar;C:\Users\ss585\.m2\repository\io\cucumber\cucumber-plugin\7.2.1\cucumber-plugin-7.2.1.jar;C:\Users\ss585\.m2\repository\io\cucumber\docstring\7.2.1\docstring-7.2.1.jar;C:\Users\ss585\.m2\repository\io\cucumber\html-formatter\17.0.0\html-formatter-17.0.0.jar;C:\Users\ss585\.m2\repository\io\cucumber\ci-environment\8.1.0\ci-environment-8.1.0.jar;C:\Users\ss585\.m2\repository\org\apiguardian\apiguardian-api\1.1.2\apiguardian-api-1.1.2.jar;C:\Users\ss585\.m2\repository\io\cucumber\cucumber-junit\7.2.1\cucumber-junit-7.2.1.jar;C:\Users\ss585\.m2\repository\junit\junit\4.12\junit-4.12.jar;C:\Users\ss585\.m2\repository\org\hamcrest\hamcrest-core\1.3\hamcrest-core-1.3.jar;C:\Users\ss585\.m2\repository\info\cukes\cucumber-junit\1.2.5\cucumber-junit-1.2.5.jar;C:\Users\ss585\.m2\repository\info\cukes\cucumber-core\1.2.5\cucumber-core-1.2.5.jar;C:\Users\ss585\.m2\repository\info\cukes\cucumber-html\0.2.3\cucumber-html-0.2.3.jar;C:\Users\ss585\.m2\repository\info\cukes\cucumber-jvm-deps\1.0.5\cucumber-jvm-deps-1.0.5.jar;C:\Users\ss585\.m2\repository\info\cukes\gherkin\2.12.2\gherkin-2.12.2.jar;C:\Users\ss585\.m2\repository\io\rest-assured\rest-assured\4.4.0\rest-assured-4.4.0.jar;C:\Users\ss585\.m2\repository\org\codehaus\groovy\groovy\3.0.8\groovy-3.0.8.jar;C:\Users\ss585\.m2\repository\org\codehaus\groovy\groovy-xml\3.0.8\groovy-xml-3.0.8.jar;C:\Users\ss585\.m2\repository\org\apache\httpcomponents\httpclient\4.5.13\httpclient-4.5.13.jar;C:\Users\ss585\.m2\repository\org\apache\httpcomponents\httpcore\4.4.13\httpcore-4.4.13.jar;C:\Users\ss585\.m2\repository\commons-logging\commons-logging\1.2\commons-logging-1.2.jar;C:\Users\ss585\.m2\repository\org\apache\httpcomponents\httpmime\4.5.13\httpmime-4.5.13.jar;C:\Users\ss585\.m2\repository\org\ccil\cowan\tagsoup\tagsoup\1.2.1\tagsoup-1.2.1.jar;C:\Users\ss585\.m2\repository\io\rest-assured\json-path\4.4.0\json-path-4.4.0.jar;C:\Users\ss585\.m2\repository\org\codehaus\groovy\groovy-json\3.0.8\groovy-json-3.0.8.jar;C:\Users\ss585\.m2\repository\io\rest-assured\rest-assured-common\4.4.0\rest-assured-common-4.4.0.jar;C:\Users\ss585\.m2\repository\io\rest-assured\xml-path\4.4.0\xml-path-4.4.0.jar;C:\Users\ss585\.m2\repository\org\apache\commons\commons-lang3\3.11\commons-lang3-3.11.jar;C:\Users\ss585\.m2\repository\jakarta\xml\bind\jakarta.xml.bind-api\2.3.3\jakarta.xml.bind-api-2.3.3.jar;C:\Users\ss585\.m2\repository\jakarta\activation\jakarta.activation-api\1.2.2\jakarta.activation-api-1.2.2.jar;C:\Users\ss585\.m2\repository\com\sun\xml\bind\jaxb-impl\2.3.3\jaxb-impl-2.3.3.jar;C:\Users\ss585\.m2\repository\org\testng\testng\7.4.0\testng-7.4.0.jar;C:\Users\ss585\.m2\repository\com\beust\jcommander\1.78\jcommander-1.78.jar;C:\Users\ss585\.m2\repository\org\webjars\jquery\3.5.1\jquery-3.5.1.jar;C:\Users\ss585\.m2\repository\org\hamcrest\hamcrest\2.2\hamcrest-2.2.jar;C:\Users\ss585\.m2\repository\org\apache\poi\poi\4.1.2\poi-4.1.2.jar;C:\Users\ss585\.m2\repository\commons-codec\commons-codec\1.13\commons-codec-1.13.jar;C:\Users\ss585\.m2\repository\org\apache\commons\commons-collections4\4.4\commons-collections4-4.4.jar;C:\Users\ss585\.m2\repository\org\apache\commons\commons-math3\3.6.1\commons-math3-3.6.1.jar;C:\Users\ss585\.m2\repository\com\zaxxer\SparseBitSet\1.2\SparseBitSet-1.2.jar;C:\Users\ss585\.m2\repository\org\apache\poi\poi-excelant\4.1.2\poi-excelant-4.1.2.jar;C:\Users\ss585\.m2\repository\org\apache\poi\poi-ooxml\4.1.2\poi-ooxml-4.1.2.jar;C:\Users\ss585\.m2\repository\org\apache\poi\poi-ooxml-schemas\4.1.2\poi-ooxml-schemas-4.1.2.jar;C:\Users\ss585\.m2\repository\org\apache\xmlbeans\xmlbeans\3.1.0\xmlbeans-3.1.0.jar;C:\Users\ss585\.m2\repository\org\apache\commons\commons-compress\1.19\commons-compress-1.19.jar;C:\Users\ss585\.m2\repository\com\github\virtuald\curvesapi\1.06\curvesapi-1.06.jar;C:\Users\ss585\.m2\repository\org\apache\ant\ant\1.8.2\ant-1.8.2.jar;C:\Users\ss585\.m2\repository\org\apache\ant\ant-launcher\1.8.2\ant-launcher-1.8.2.jar;C:\Users\ss585\.m2\repository\org\seleniumhq\selenium\selenium-java\4.1.0\selenium-java-4.1.0.jar;C:\Users\ss585\.m2\repository\org\seleniumhq\selenium\selenium-api\4.1.0\selenium-api-4.1.0.jar;C:\Users\ss585\.m2\repository\org\seleniumhq\selenium\selenium-chrome-driver\4.1.0\selenium-chrome-driver-4.1.0.jar;C:\Users\ss585\.m2\repository\com\google\auto\service\auto-service-annotations\1.0.1\auto-service-annotations-1.0.1.jar;C:\Users\ss585\.m2\repository\com\google\auto\service\auto-service\1.0.1\auto-service-1.0.1.jar;C:\Users\ss585\.m2\repository\com\google\auto\auto-common\1.2\auto-common-1.2.jar;C:\Users\ss585\.m2\repository\com\google\guava\guava\31.0.1-jre\guava-31.0.1-jre.jar;C:\Users\ss585\.m2\repository\com\google\guava\failureaccess\1.0.1\failureaccess-1.0.1.jar;C:\Users\ss585\.m2\repository\com\google\guava\listenablefuture\9999.0-empty-to-avoid-conflict-with-guava\listenablefuture-9999.0-empty-to-avoid-conflict-with-guava.jar;C:\Users\ss585\.m2\repository\com\google\code\findbugs\jsr305\3.0.2\jsr305-3.0.2.jar;C:\Users\ss585\.m2\repository\org\checkerframework\checker-qual\3.12.0\checker-qual-3.12.0.jar;C:\Users\ss585\.m2\repository\com\google\errorprone\error_prone_annotations\2.7.1\error_prone_annotations-2.7.1.jar;C:\Users\ss585\.m2\repository\com\google\j2objc\j2objc-annotations\1.3\j2objc-annotations-1.3.jar;C:\Users\ss585\.m2\repository\org\seleniumhq\selenium\selenium-chromium-driver\4.1.0\selenium-chromium-driver-4.1.0.jar;C:\Users\ss585\.m2\repository\org\seleniumhq\selenium\selenium-json\4.1.0\selenium-json-4.1.0.jar;C:\Users\ss585\.m2\repository\org\seleniumhq\selenium\selenium-devtools-v85\4.1.0\selenium-devtools-v85-4.1.0.jar;C:\Users\ss585\.m2\repository\org\seleniumhq\selenium\selenium-devtools-v94\4.1.0\selenium-devtools-v94-4.1.0.jar;C:\Users\ss585\.m2\repository\org\seleniumhq\selenium\selenium-devtools-v95\4.1.0\selenium-devtools-v95-4.1.0.jar;C:\Users\ss585\.m2\repository\org\seleniumhq\selenium\selenium-devtools-v96\4.1.0\selenium-devtools-v96-4.1.0.jar;C:\Users\ss585\.m2\repository\org\seleniumhq\selenium\selenium-edge-driver\4.1.0\selenium-edge-driver-4.1.0.jar;C:\Users\ss585\.m2\repository\org\seleniumhq\selenium\selenium-firefox-driver\4.1.0\selenium-firefox-driver-4.1.0.jar;C:\Users\ss585\.m2\repository\org\seleniumhq\selenium\selenium-firefox-xpi-driver\4.1.0\selenium-firefox-xpi-driver-4.1.0.jar;C:\Users\ss585\.m2\repository\org\seleniumhq\selenium\selenium-ie-driver\4.1.0\selenium-ie-driver-4.1.0.jar;C:\Users\ss585\.m2\repository\org\seleniumhq\selenium\selenium-opera-driver\4.1.0\selenium-opera-driver-4.1.0.jar;C:\Users\ss585\.m2\repository\org\seleniumhq\selenium\selenium-remote-driver\4.1.0\selenium-remote-driver-4.1.0.jar;C:\Users\ss585\.m2\repository\io\netty\netty-buffer\4.1.69.Final\netty-buffer-4.1.69.Final.jar;C:\Users\ss585\.m2\repository\io\netty\netty-codec-http\4.1.69.Final\netty-codec-http-4.1.69.Final.jar;C:\Users\ss585\.m2\repository\io\netty\netty-codec\4.1.69.Final\netty-codec-4.1.69.Final.jar;C:\Users\ss585\.m2\repository\io\netty\netty-handler\4.1.69.Final\netty-handler-4.1.69.Final.jar;C:\Users\ss585\.m2\repository\io\netty\netty-common\4.1.69.Final\netty-common-4.1.69.Final.jar;C:\Users\ss585\.m2\repository\io\netty\netty-transport-native-epoll\4.1.69.Final\netty-transport-native-epoll-4.1.69.Final.jar;C:\Users\ss585\.m2\repository\io\netty\netty-transport-native-kqueue\4.1.69.Final\netty-transport-native-kqueue-4.1.69.Final.jar;C:\Users\ss585\.m2\repository\io\netty\netty-transport-native-unix-common\4.1.69.Final\netty-transport-native-unix-common-4.1.69.Final.jar;C:\Users\ss585\.m2\repository\io\netty\netty-transport\4.1.69.Final\netty-transport-4.1.69.Final.jar;C:\Users\ss585\.m2\repository\io\netty\netty-resolver\4.1.69.Final\netty-resolver-4.1.69.Final.jar;C:\Users\ss585\.m2\repository\io\opentelemetry\opentelemetry-api\1.9.0\opentelemetry-api-1.9.0.jar;C:\Users\ss585\.m2\repository\io\opentelemetry\opentelemetry-context\1.9.0\opentelemetry-context-1.9.0.jar;C:\Users\ss585\.m2\repository\io\opentelemetry\opentelemetry-exporter-logging\1.9.0\opentelemetry-exporter-logging-1.9.0.jar;C:\Users\ss585\.m2\repository\io\opentelemetry\opentelemetry-sdk-metrics\1.9.0-alpha\opentelemetry-sdk-metrics-1.9.0-alpha.jar;C:\Users\ss585\.m2\repository\io\opentelemetry\opentelemetry-sdk-logs\1.9.0-alpha\opentelemetry-sdk-logs-1.9.0-alpha.jar;C:\Users\ss585\.m2\repository\com\fasterxml\jackson\core\jackson-databind\2.13.0\jackson-databind-2.13.0.jar;C:\Users\ss585\.m2\repository\com\fasterxml\jackson\core\jackson-annotations\2.13.0\jackson-annotations-2.13.0.jar;C:\Users\ss585\.m2\repository\com\fasterxml\jackson\core\jackson-core\2.13.0\jackson-core-2.13.0.jar;C:\Users\ss585\.m2\repository\io\opentelemetry\opentelemetry-sdk-common\1.9.0\opentelemetry-sdk-common-1.9.0.jar;C:\Users\ss585\.m2\repository\io\opentelemetry\opentelemetry-sdk-extension-autoconfigure-spi\1.9.0\opentelemetry-sdk-extension-autoconfigure-spi-1.9.0.jar;C:\Users\ss585\.m2\repository\io\opentelemetry\opentelemetry-sdk-extension-autoconfigure\1.9.0-alpha\opentelemetry-sdk-extension-autoconfigure-1.9.0-alpha.jar;C:\Users\ss585\.m2\repository\io\opentelemetry\opentelemetry-sdk-trace\1.9.0\opentelemetry-sdk-trace-1.9.0.jar;C:\Users\ss585\.m2\repository\io\opentelemetry\opentelemetry-api-metrics\1.9.0-alpha\opentelemetry-api-metrics-1.9.0-alpha.jar;C:\Users\ss585\.m2\repository\io\opentelemetry\opentelemetry-sdk\1.9.0\opentelemetry-sdk-1.9.0.jar;C:\Users\ss585\.m2\repository\io\opentelemetry\opentelemetry-semconv\1.9.0-alpha\opentelemetry-semconv-1.9.0-alpha.jar;C:\Users\ss585\.m2\repository\io\ous\jtoml\2.0.0\jtoml-2.0.0.jar;C:\Users\ss585\.m2\repository\net\bytebuddy\byte-buddy\1.12.1\byte-buddy-1.12.1.jar;C:\Users\ss585\.m2\repository\org\apache\commons\commons-exec\1.3\commons-exec-1.3.jar;C:\Users\ss585\.m2\repository\org\asynchttpclient\async-http-client\2.12.3\async-http-client-2.12.3.jar;C:\Users\ss585\.m2\repository\org\asynchttpclient\async-http-client-netty-utils\2.12.3\async-http-client-netty-utils-2.12.3.jar;C:\Users\ss585\.m2\repository\io\netty\netty-codec-socks\4.1.60.Final\netty-codec-socks-4.1.60.Final.jar;C:\Users\ss585\.m2\repository\io\netty\netty-handler-proxy\4.1.60.Final\netty-handler-proxy-4.1.60.Final.jar;C:\Users\ss585\.m2\repository\io\netty\netty-transport-native-epoll\4.1.60.Final\netty-transport-native-epoll-4.1.60.Final-linux-x86_64.jar;C:\Users\ss585\.m2\repository\io\netty\netty-transport-native-kqueue\4.1.60.Final\netty-transport-native-kqueue-4.1.60.Final-osx-x86_64.jar;C:\Users\ss585\.m2\repository\org\reactivestreams\reactive-streams\1.0.3\reactive-streams-1.0.3.jar;C:\Users\ss585\.m2\repository\com\typesafe\netty\netty-reactive-streams\2.0.4\netty-reactive-streams-2.0.4.jar;C:\Users\ss585\.m2\repository\org\slf4j\slf4j-api\1.7.30\slf4j-api-1.7.30.jar;C:\Users\ss585\.m2\repository\com\sun\activation\jakarta.activation\1.2.2\jakarta.activation-1.2.2.jar;C:\Users\ss585\.m2\repository\org\seleniumhq\selenium\selenium-http\4.1.0\selenium-http-4.1.0.jar;C:\Users\ss585\.m2\repository\net\jodah\failsafe\2.4.4\failsafe-2.4.4.jar;C:\Users\ss585\.m2\repository\org\seleniumhq\selenium\selenium-safari-driver\4.1.0\selenium-safari-driver-4.1.0.jar;C:\Users\ss585\.m2\repository\org\seleniumhq\selenium\selenium-support\4.1.0\selenium-support-4.1.0.jar;C:\Users\ss585\.m2\repository\org\apache\logging\log4j\log4j-api\2.17.1\log4j-api-2.17.1.jar;C:\Users\ss585\.m2\repository\org\apache\logging\log4j\log4j-core\2.17.1\log4j-core-2.17.1.jar;"/>
    <property name="sun.cpu.endian" value="little"/>
    <property name="user.home" value="C:\Users\ss585"/>
    <property name="user.language" value="en"/>
    <property name="java.specification.vendor" value="Oracle Corporation"/>
    <property name="java.version.date" value="2021-10-19"/>
    <property name="java.home" value="C:\Program Files\Java\jdk-17.0.1"/>
    <property name="file.separator" value="\"/>
    <property name="basedir" value="C:\git\turf\dejan\rowe"/>
    <property name="java.vm.compressedOopsMode" value="Zero based"/>
    <property name="line.separator" value="&#10;"/>
    <property name="java.vm.specification.vendor" value="Oracle Corporation"/>
    <property name="java.specification.name" value="Java Platform API Specification"/>
    <property name="surefire.real.class.path" value="C:\Users\ss585\AppData\Local\Temp\surefire9631340179843595816\surefirebooter15559150424350347814.jar"/>
    <property name="user.script" value=""/>
    <property name="sun.management.compiler" value="HotSpot 64-Bit Tiered Compilers"/>
    <property name="java.runtime.version" value="17.0.1+12-LTS-39"/>
    <property name="user.name" value="ss585"/>
    <property name="path.separator" value=";"/>
    <property name="os.version" value="10.0"/>
    <property name="java.runtime.name" value="Java(TM) SE Runtime Environment"/>
    <property name="file.encoding" value="Cp1252"/>
    <property name="java.vm.name" value="Java HotSpot(TM) 64-Bit Server VM"/>
    <property name="localRepository" value="C:\Users\ss585\.m2\repository"/>
    <property name="java.vendor.url.bug" value="https://bugreport.java.com/bugreport/"/>
    <property name="java.io.tmpdir" value="C:\Users\ss585\AppData\Local\Temp\"/>
    <property name="java.version" value="17.0.1"/>
    <property name="user.dir" value="C:\git\turf\dejan\rowe"/>
    <property name="os.arch" value="amd64"/>
    <property name="java.vm.specification.name" value="Java Virtual Machine Specification"/>
    <property name="sun.os.patch.level" value=""/>
    <property name="native.encoding" value="Cp1252"/>
    <property name="java.library.path" value="C:\Program Files\Java\jdk-17.0.1\bin;C:\WINDOWS\Sun\Java\bin;C:\WINDOWS\system32;C:\WINDOWS;C:\Program Files\Java\jdk-17.0.1\bin;C:\Mava\apache-maven-3.8.4-bin\apache-maven-3.8.4;C:\Mava\apache-maven-3.8.4-bin\apache-maven-3.8.4\bin;C:\Program Files\nodejs\node_modules\npm\bin;C:\Users\ss585\AppData\Local\Android\Sdk\platform-tools;C:\Users\ss585\AppData\Local\Android\Sdk\tools\bin;C:\Users\ss585\AppData\Local\Android\Sdk\tools;C:\Program Files\Git\bin;C:\Users\ss585\anaconda3;C:\Users\ss585\anaconda3\Library\mingw-w64\bin;C:\Users\ss585\anaconda3\Library\usr\bin;C:\Users\ss585\anaconda3\Library\bin;C:\Users\ss585\anaconda3\Scripts;C:\Users\ss585\AppData\Local\Microsoft\WindowsApps;C:\Users\ss585\AppData\Local\Programs\Microsoft VS Code\bin;C:\Users\ss585\AppData\Roaming\npm;C:\Program Files\nodejs;C:\Mava\apache-maven-3.8.4-bin\apache-maven-3.8.4;C:\Program Files\Java\jdk-17.0.1;C:\Program Files\Git\bin;;."/>
    <property name="java.vm.info" value="mixed mode, sharing"/>
    <property name="java.vendor" value="Oracle Corporation"/>
    <property name="java.vm.version" value="17.0.1+12-LTS-39"/>
    <property name="sun.io.unicode.encoding" value="UnicodeLittle"/>
    <property name="java.class.version" value="61.0"/>
  </properties>
  <testcase name="zipSeries_Kerala" classname="meri.kiran.indianZipCoder" time="46.325">
    <system-out><![CDATA[  Zip - India 
non pinCode found for 673500,IN
extracted place for  ZipCode 673501,IN is                  Orkatteri
                      weatherCode -   802  weather description -  scattered clouds temperature is 32.54
extracted place for  ZipCode 673502,IN is                  Edacheri
                      weatherCode -   802  weather description -  scattered clouds temperature is 27.82
extracted place for  ZipCode 673503,IN is                  Purameri
                      weatherCode -   802  weather description -  scattered clouds temperature is 32.53
extracted place for  ZipCode 673504,IN is                  Nadapuram
                      weatherCode -   802  weather description -  scattered clouds temperature is 32.51
extracted place for  ZipCode 673505,IN is                  Iringannur
                      weatherCode -   802  weather description -  scattered clouds temperature is 30.06
extracted place for  ZipCode 673506,IN is                  Chelakkad
                      weatherCode -   802  weather description -  scattered clouds temperature is 32.45
extracted place for  ZipCode 673507,IN is                  Poolakkul
                      weatherCode -   802  weather description -  scattered clouds temperature is 32.06
extracted place for  ZipCode 673508,IN is                  Kuttiadi
                      weatherCode -   802  weather description -  scattered clouds temperature is 32.53
extracted place for  ZipCode 673509,IN is                  Parakkadavu
                      weatherCode -   802  weather description -  scattered clouds temperature is 30.69
non pinCode found for 673510,IN
non pinCode found for 673511,IN
non pinCode found for 673512,IN
extracted place for  ZipCode 673513,IN is                  Kavilampara
                      weatherCode -   802  weather description -  scattered clouds temperature is 32.51
non pinCode found for 673514,IN
non pinCode found for 673515,IN
non pinCode found for 673516,IN
extracted place for  ZipCode 673517,IN is                  Abhayagiri
                      weatherCode -   802  weather description -  scattered clouds temperature is 30.59
non pinCode found for 673518,IN
non pinCode found for 673519,IN
non pinCode found for 673520,IN
extracted place for  ZipCode 673521,IN is                  Iringal
                      weatherCode -   802  weather description -  scattered clouds temperature is 32.49
extracted place for  ZipCode 673522,IN is                  Kilur Meladi
                      weatherCode -   802  weather description -  scattered clouds temperature is 32.63
extracted place for  ZipCode 673523,IN is                  Maniyur
                      weatherCode -   802  weather description -  scattered clouds temperature is 32.46
extracted place for  ZipCode 673524,IN is                  Cheruvannur Meladi
                      weatherCode -   802  weather description -  scattered clouds temperature is 32.6
extracted place for  ZipCode 673525,IN is                  Kadiyangad
                      weatherCode -   802  weather description -  scattered clouds temperature is 32.47
extracted place for  ZipCode 673526,IN is                  Kayanna
                      weatherCode -   801  weather description -  few clouds temperature is 32.47
extracted place for  ZipCode 673527,IN is                  Cherukad
                      weatherCode -   802  weather description -  scattered clouds temperature is 32.47
extracted place for  ZipCode 673528,IN is                  Chengaroth
                      weatherCode -   802  weather description -  scattered clouds temperature is 32.47
extracted place for  ZipCode 673529,IN is                  Tikkoti
                      weatherCode -   801  weather description -  few clouds temperature is 32.51
non pinCode found for 673530,IN
non pinCode found for 673531,IN
non pinCode found for 673532,IN
non pinCode found for 673533,IN
non pinCode found for 673534,IN
non pinCode found for 673535,IN
non pinCode found for 673536,IN
non pinCode found for 673537,IN
non pinCode found for 673538,IN
non pinCode found for 673539,IN
non pinCode found for 673540,IN
extracted place for  ZipCode 673541,IN is                  Chaniyankadavu
                      weatherCode -   802  weather description -  scattered clouds temperature is 32.53
extracted place for  ZipCode 673542,IN is                  Ponmeri Parambil
                      weatherCode -   802  weather description -  scattered clouds temperature is 32.54
non pinCode found for 673543,IN
non pinCode found for 673544,IN
non pinCode found for 673545,IN
non pinCode found for 673546,IN
non pinCode found for 673547,IN
non pinCode found for 673548,IN
non pinCode found for 673549,IN
non pinCode found for 673550,IN
non pinCode found for 673551,IN
non pinCode found for 673552,IN
non pinCode found for 673553,IN
non pinCode found for 673554,IN
non pinCode found for 673555,IN
non pinCode found for 673556,IN
non pinCode found for 673557,IN
non pinCode found for 673558,IN
non pinCode found for 673559,IN
non pinCode found for 673560,IN
non pinCode found for 673561,IN
non pinCode found for 673562,IN
non pinCode found for 673563,IN
non pinCode found for 673564,IN
non pinCode found for 673565,IN
non pinCode found for 673566,IN
non pinCode found for 673567,IN
non pinCode found for 673568,IN
non pinCode found for 673569,IN
extracted place for  ZipCode 673570,IN is                  Iim Kozhikode Campus
                      weatherCode -   801  weather description -  few clouds temperature is 32.33
extracted place for  ZipCode 673571,IN is                  Chelavur
                      weatherCode -   801  weather description -  few clouds temperature is 32.43
extracted place for  ZipCode 673572,IN is                  Karuvampoyil
                      weatherCode -   801  weather description -  few clouds temperature is 32.49
extracted place for  ZipCode 673573,IN is                  Tamaracheri
                      weatherCode -   801  weather description -  few clouds temperature is 32.33
extracted place for  ZipCode 673574,IN is                  Mangad
                      weatherCode -   801  weather description -  few clouds temperature is 32.5
extracted place for  ZipCode 673575,IN is                  Thariote North
                      weatherCode -   801  weather description -  few clouds temperature is 32.33
extracted place for  ZipCode 673576,IN is                  Sugandhagiri
                      weatherCode -   801  weather description -  few clouds temperature is 27.48
extracted place for  ZipCode 673577,IN is                  Chembra
                      weatherCode -   802  weather description -  scattered clouds temperature is 29.33
non pinCode found for 673578,IN
extracted place for  ZipCode 673579,IN is                  Seetha Mount
                      weatherCode -   801  weather description -  few clouds temperature is 32.33
extracted place for  ZipCode 673580,IN is                  Kuppayakode
                      weatherCode -   802  weather description -  scattered clouds temperature is 29.41
extracted place for  ZipCode 673581,IN is                  Vatuvanchal
                      weatherCode -   801  weather description -  few clouds temperature is 31.8
extracted place for  ZipCode 673582,IN is                  Velimanna
                      weatherCode -   801  weather description -  few clouds temperature is 32.46
non pinCode found for 673583,IN
non pinCode found for 673584,IN
extracted place for  ZipCode 673585,IN is                  Parannur
                      weatherCode -   801  weather description -  few clouds temperature is 32.19
extracted place for  ZipCode 673586,IN is                  Puduppadi
                      weatherCode -   801  weather description -  few clouds temperature is 32.06
non pinCode found for 673587,IN
non pinCode found for 673588,IN
non pinCode found for 673589,IN
non pinCode found for 673590,IN
extracted place for  ZipCode 673591,IN is                  Mylambadi
                      weatherCode -   802  weather description -  scattered clouds temperature is 27.59
extracted place for  ZipCode 673592,IN is                  Muthanga
                      weatherCode -   802  weather description -  scattered clouds temperature is 31.18
extracted place for  ZipCode 673593,IN is                  Cheengeri
                      weatherCode -   802  weather description -  scattered clouds temperature is 26.64
non pinCode found for 673594,IN
extracted place for  ZipCode 673595,IN is                  Mookuthi Kunnu
                      weatherCode -   802  weather description -  scattered clouds temperature is 26.81
extracted place for  ZipCode 673596,IN is                  Thazha Munda
                      weatherCode -   802  weather description -  scattered clouds temperature is 27.51
non pinCode found for 673597,IN
non pinCode found for 673598,IN
non pinCode found for 673599,IN
non pinCode found for 673600,IN
extracted place for  ZipCode 673601,IN is                  Malayamma
                      weatherCode -   801  weather description -  few clouds temperature is 32.43
extracted place for  ZipCode 673602,IN is                  Kumaranellur
                      weatherCode -   801  weather description -  few clouds temperature is 32.48
extracted place for  ZipCode 673603,IN is                  Ponnamkayam
                      weatherCode -   801  weather description -  few clouds temperature is 32.14
extracted place for  ZipCode 673604,IN is                  Manha Kadavu
                      weatherCode -   801  weather description -  few clouds temperature is 32.14
non pinCode found for 673605,IN
non pinCode found for 673606,IN
non pinCode found for 673607,IN
non pinCode found for 673608,IN
non pinCode found for 673609,IN
non pinCode found for 673610,IN
extracted place for  ZipCode 673611,IN is                  Kuruvattur
                      weatherCode -   801  weather description -  few clouds temperature is 32.46
extracted place for  ZipCode 673612,IN is                  Eramangalam
                      weatherCode -   801  weather description -  few clouds temperature is 32.28
extracted place for  ZipCode 673613,IN is                  Kakkur
                      weatherCode -   801  weather description -  few clouds temperature is 31.26
extracted place for  ZipCode 673614,IN is                  Naduvannur
                      weatherCode -   801  weather description -  few clouds temperature is 32.5
extracted place for  ZipCode 673615,IN is                  Kallanode
                      weatherCode -   801  weather description -  few clouds temperature is 32.56
extracted place for  ZipCode 673616,IN is                  Irivallur
                      weatherCode -   801  weather description -  few clouds temperature is 32.1
non pinCode found for 673617,IN
non pinCode found for 673618,IN
non pinCode found for 673619,IN
extracted place for  ZipCode 673620,IN is                  Kakkancheri
                      weatherCode -   801  weather description -  few clouds temperature is 32.52
non pinCode found for 673621,IN
non pinCode found for 673622,IN
non pinCode found for 673623,IN
non pinCode found for 673624,IN
non pinCode found for 673625,IN
non pinCode found for 673626,IN
non pinCode found for 673627,IN
non pinCode found for 673628,IN
non pinCode found for 673629,IN
non pinCode found for 673630,IN
extracted place for  ZipCode 673631,IN is                  Karuvanthuruthy
                      weatherCode -   801  weather description -  few clouds temperature is 32.53
extracted place for  ZipCode 673632,IN is                  Farook College
                      weatherCode -   801  weather description -  few clouds temperature is 32.6
extracted place for  ZipCode 673633,IN is                  Vaidyarangadi
                      weatherCode -   801  weather description -  few clouds temperature is 32.56
extracted place for  ZipCode 673634,IN is                  Chelembra
                      weatherCode -   802  weather description -  scattered clouds temperature is 29.09
extracted place for  ZipCode 673635,IN is                  Calicut University
                      weatherCode -   801  weather description -  few clouds temperature is 32.6
extracted place for  ZipCode 673636,IN is                  Tenhipalam
                      weatherCode -   801  weather description -  few clouds temperature is 32.6
extracted place for  ZipCode 673637,IN is                  Pulikkal
                      weatherCode -   801  weather description -  few clouds temperature is 32.6
extracted place for  ZipCode 673638,IN is                  Peruvallur
                      weatherCode -   801  weather description -  few clouds temperature is 32.45
extracted place for  ZipCode 673639,IN is                  Vettilappara
                      weatherCode -   801  weather description -  few clouds temperature is 32.21
]]></system-out>
  </testcase>
</testsuite>