<?xml version="1.0" encoding="UTF-8"?>
<!-- Generated by org.testng.reporters.JUnitReportReporter -->
<testsuite hostname="DESKTOP-4T26L2U" failures="0" tests="18" name="meri.kiran.vini" time="9.302" errors="0" timestamp="2022-06-06T17:28:55 CEST" skipped="0">
  <testcase classname="meri.kiran.vini" name="dataProbhiderAPI" time="0.446"/>
  <system-out/>
  <testcase classname="meri.kiran.vini" name="dataProbhiderAPI" time="0.301"/>
  <system-out/>
  <testcase classname="meri.kiran.vini" name="dataProbhiderAPI" time="0.480"/>
  <system-out/>
  <testcase classname="meri.kiran.vini" name="dataProbhiderAPI" time="0.420"/>
  <system-out/>
  <testcase classname="meri.kiran.vini" name="dataProbhiderAPI" time="0.543"/>
  <system-out/>
  <testcase classname="meri.kiran.vini" name="dataProbhiderAPI" time="0.456"/>
  <system-out/>
  <testcase classname="meri.kiran.vini" name="dataProbhiderAPI" time="0.376"/>
  <system-out/>
  <testcase classname="meri.kiran.vini" name="dataProbhiderAPI" time="0.347"/>
  <system-out/>
  <testcase classname="meri.kiran.vini" name="dataProbhiderAPI" time="0.402"/>
  <system-out/>
  <testcase classname="meri.kiran.vini" name="dataProbhiderAPI" time="0.408"/>
  <system-out/>
  <testcase classname="meri.kiran.vini" name="dataProbhiderAPI" time="0.420"/>
  <system-out/>
  <testcase classname="meri.kiran.vini" name="dataProbhiderAPI" time="0.368"/>
  <system-out/>
  <testcase classname="meri.kiran.vini" name="dataProbhiderAPI" time="0.414"/>
  <system-out/>
  <testcase classname="meri.kiran.vini" name="dataProbhiderAPI" time="0.400"/>
  <system-out/>
  <testcase classname="meri.kiran.vini" name="dataProbhiderAPI" time="2.271"/>
  <system-out/>
  <testcase classname="meri.kiran.vini" name="dataProbhiderAPI" time="0.454"/>
  <system-out/>
  <testcase classname="meri.kiran.vini" name="dataProbhiderAPI" time="0.421"/>
  <system-out/>
  <testcase classname="meri.kiran.vini" name="dataProbhiderAPI" time="0.375"/>
  <system-out/>
</testsuite> <!-- meri.kiran.vini -->
