<?xml version="1.0" encoding="UTF-8"?>
<!-- Generated by org.testng.reporters.JUnitReportReporter -->
<testsuite hostname="DESKTOP-4T26L2U" failures="0" tests="1" name="meri.kiran.vini" time="7.786" errors="0" timestamp="2022-05-29T15:19:22 CEST" skipped="0">
  <testcase classname="meri.kiran.vini" name="e2e" time="7.786"/>
  <system-out/>
</testsuite> <!-- meri.kiran.vini -->
