<?xml version="1.0" encoding="UTF-8"?>
<!-- Generated by org.testng.reporters.JUnitReportReporter -->
<testsuite hostname="DESKTOP-4T26L2U" failures="0" tests="18" name="meri.kiran.vini" time="12.176" errors="0" timestamp="2022-06-07T00:25:51 CEST" skipped="0">
  <testcase classname="meri.kiran.vini" name="dataProbhiderAPI" time="0.484"/>
  <system-out/>
  <testcase classname="meri.kiran.vini" name="dataProbhiderAPI" time="0.474"/>
  <system-out/>
  <testcase classname="meri.kiran.vini" name="dataProbhiderAPI" time="0.521"/>
  <system-out/>
  <testcase classname="meri.kiran.vini" name="dataProbhiderAPI" time="0.517"/>
  <system-out/>
  <testcase classname="meri.kiran.vini" name="dataProbhiderAPI" time="2.633"/>
  <system-out/>
  <testcase classname="meri.kiran.vini" name="dataProbhiderAPI" time="0.396"/>
  <system-out/>
  <testcase classname="meri.kiran.vini" name="dataProbhiderAPI" time="0.465"/>
  <system-out/>
  <testcase classname="meri.kiran.vini" name="dataProbhiderAPI" time="2.689"/>
  <system-out/>
  <testcase classname="meri.kiran.vini" name="dataProbhiderAPI" time="0.366"/>
  <system-out/>
  <testcase classname="meri.kiran.vini" name="dataProbhiderAPI" time="0.357"/>
  <system-out/>
  <testcase classname="meri.kiran.vini" name="dataProbhiderAPI" time="0.411"/>
  <system-out/>
  <testcase classname="meri.kiran.vini" name="dataProbhiderAPI" time="0.328"/>
  <system-out/>
  <testcase classname="meri.kiran.vini" name="dataProbhiderAPI" time="0.490"/>
  <system-out/>
  <testcase classname="meri.kiran.vini" name="dataProbhiderAPI" time="0.477"/>
  <system-out/>
  <testcase classname="meri.kiran.vini" name="dataProbhiderAPI" time="0.366"/>
  <system-out/>
  <testcase classname="meri.kiran.vini" name="dataProbhiderAPI" time="0.433"/>
  <system-out/>
  <testcase classname="meri.kiran.vini" name="dataProbhiderAPI" time="0.392"/>
  <system-out/>
  <testcase classname="meri.kiran.vini" name="dataProbhiderAPI" time="0.377"/>
  <system-out/>
</testsuite> <!-- meri.kiran.vini -->
