<?xml version="1.0" encoding="UTF-8"?>
<!-- Generated by org.testng.reporters.JUnitReportReporter -->
<testsuite hostname="DESKTOP-4T26L2U" failures="0" tests="1" name="meri.kiran.UEL_2022_23" time="9.798" errors="0" timestamp="2022-05-29T13:47:55 CEST" skipped="0">
  <testcase classname="meri.kiran.UEL_2022_23" name="AustrianGraz" time="9.798"/>
  <system-out/>
</testsuite> <!-- meri.kiran.UEL_2022_23 -->
