<?xml version="1.0" encoding="UTF-8"?>
<!-- Generated by org.testng.reporters.JUnitReportReporter -->
<testsuite hostname="DESKTOP-4T26L2U" failures="0" tests="1" name="meri.kiran.UEL_2022_23" time="9.649" errors="0" timestamp="2022-05-29T14:13:18 CEST" skipped="0">
  <testcase classname="meri.kiran.UEL_2022_23" name="E2E" time="9.649"/>
  <system-out/>
</testsuite> <!-- meri.kiran.UEL_2022_23 -->
