<?xml version="1.0" encoding="UTF-8"?>
<!-- Generated by org.testng.reporters.JUnitReportReporter -->
<testsuite hostname="DESKTOP-4T26L2U" failures="0" tests="2" name="meri.kiran.stadionWeather" time="3.347" errors="0" timestamp="2022-02-20T00:26:22 CET" skipped="0">
  <testcase classname="meri.kiran.stadionWeather" name="stadion_FCB" time="0.614"/>
  <system-out/>
  <testcase classname="meri.kiran.stadionWeather" name="stadion_FCA" time="2.733"/>
  <system-out/>
</testsuite> <!-- meri.kiran.stadionWeather -->
