<?xml version="1.0" encoding="UTF-8"?>
<!-- Generated by org.testng.reporters.JUnitReportReporter -->
<testsuite hostname="DESKTOP-4T26L2U" failures="0" tests="1" name="meri.kiran.indianZipCoder" time="2.210" errors="0" timestamp="2022-02-21T23:05:41 CET" skipped="0">
  <testcase classname="meri.kiran.indianZipCoder" name="zipSeries_StateLevel" time="2.210"/>
  <system-out/>
</testsuite> <!-- meri.kiran.indianZipCoder -->
