<?xml version="1.0" encoding="UTF-8"?>
<!-- Generated by org.testng.reporters.JUnitReportReporter -->
<testsuite hostname="DESKTOP-4T26L2U" failures="0" tests="1" name="meri.kiran.indianZipCoder" time="7.034" errors="0" timestamp="2022-05-18T23:50:20 CEST" skipped="0">
  <testcase classname="meri.kiran.indianZipCoder" name="SeBasicWeatherApp" time="7.034"/>
  <system-out/>
</testsuite> <!-- meri.kiran.indianZipCoder -->
