<?xml version="1.0" encoding="UTF-8"?>
<!-- Generated by org.testng.reporters.JUnitReportReporter -->
<testsuite hostname="DESKTOP-4T26L2U" failures="0" tests="18" name="meri.kiran.vini" time="8.744" errors="0" timestamp="2022-06-06T17:16:21 CEST" skipped="0">
  <testcase classname="meri.kiran.vini" name="dataProbhiderAPI" time="0.382"/>
  <system-out/>
  <testcase classname="meri.kiran.vini" name="dataProbhiderAPI" time="0.379"/>
  <system-out/>
  <testcase classname="meri.kiran.vini" name="dataProbhiderAPI" time="0.334"/>
  <system-out/>
  <testcase classname="meri.kiran.vini" name="dataProbhiderAPI" time="0.380"/>
  <system-out/>
  <testcase classname="meri.kiran.vini" name="dataProbhiderAPI" time="0.314"/>
  <system-out/>
  <testcase classname="meri.kiran.vini" name="dataProbhiderAPI" time="0.424"/>
  <system-out/>
  <testcase classname="meri.kiran.vini" name="dataProbhiderAPI" time="0.329"/>
  <system-out/>
  <testcase classname="meri.kiran.vini" name="dataProbhiderAPI" time="0.433"/>
  <system-out/>
  <testcase classname="meri.kiran.vini" name="dataProbhiderAPI" time="0.348"/>
  <system-out/>
  <testcase classname="meri.kiran.vini" name="dataProbhiderAPI" time="0.357"/>
  <system-out/>
  <testcase classname="meri.kiran.vini" name="dataProbhiderAPI" time="0.388"/>
  <system-out/>
  <testcase classname="meri.kiran.vini" name="dataProbhiderAPI" time="0.380"/>
  <system-out/>
  <testcase classname="meri.kiran.vini" name="dataProbhiderAPI" time="0.385"/>
  <system-out/>
  <testcase classname="meri.kiran.vini" name="dataProbhiderAPI" time="0.395"/>
  <system-out/>
  <testcase classname="meri.kiran.vini" name="dataProbhiderAPI" time="0.372"/>
  <system-out/>
  <testcase classname="meri.kiran.vini" name="dataProbhiderAPI" time="0.332"/>
  <system-out/>
  <testcase classname="meri.kiran.vini" name="dataProbhiderAPI" time="0.313"/>
  <system-out/>
  <testcase classname="meri.kiran.vini" name="dataProbhiderAPI" time="2.499"/>
  <system-out/>
</testsuite> <!-- meri.kiran.vini -->
