<?xml version="1.0" encoding="UTF-8"?>
<!-- Generated by org.testng.reporters.JUnitReportReporter -->
<testsuite hostname="DESKTOP-4T26L2U" failures="0" tests="2" name="meri.kiran.vini" time="39.579" errors="0" timestamp="2022-06-12T00:46:47 CEST" skipped="0">
  <testcase classname="meri.kiran.vini" name="e2e" time="19.706"/>
  <system-out/>
  <testcase classname="meri.kiran.vini" name="e2e" time="19.873"/>
  <system-out/>
</testsuite> <!-- meri.kiran.vini -->
