<?xml version="1.0" encoding="UTF-8"?>
<!-- Generated by org.testng.reporters.JUnitReportReporter -->
<testsuite hostname="DESKTOP-4T26L2U" failures="0" tests="3" name="meri.kiran.vini" time="60.542" errors="0" timestamp="2022-05-30T23:04:38 CEST" skipped="0">
  <testcase classname="meri.kiran.vini" name="e2e" time="19.112"/>
  <system-out/>
  <testcase classname="meri.kiran.vini" name="e2e" time="21.317"/>
  <system-out/>
  <testcase classname="meri.kiran.vini" name="e2e" time="20.113"/>
  <system-out/>
</testsuite> <!-- meri.kiran.vini -->
