<?xml version="1.0" encoding="UTF-8"?>
<!-- Generated by org.testng.reporters.JUnitReportReporter -->
<testsuite hostname="DESKTOP-4T26L2U" failures="0" tests="1" name="meri.kiran.indianZipCoder" time="4.188" errors="0" timestamp="2022-02-22T23:21:34 CET" skipped="0">
  <testcase classname="meri.kiran.indianZipCoder" name="zipSeries_Chennai" time="4.188"/>
  <system-out/>
</testsuite> <!-- meri.kiran.indianZipCoder -->
