<?xml version="1.0" encoding="UTF-8"?>
<!-- Generated by org.testng.reporters.JUnitReportReporter -->
<testsuite hostname="DESKTOP-4T26L2U" failures="0" tests="12" name="meri.kiran.stadionWeather" time="7.097" errors="0" timestamp="2022-02-20T00:19:57 CET" skipped="0">
  <testcase classname="meri.kiran.stadionWeather" name="stadion_FCB" time="0.518"/>
  <system-out/>
  <testcase classname="meri.kiran.stadionWeather" name="stadion_FCA" time="2.720"/>
  <system-out/>
  <testcase classname="meri.kiran.stadionWeather" name="stadion_HBC" time="0.504"/>
  <system-out/>
  <testcase classname="meri.kiran.stadionWeather" name="stadion_bvb" time="0.357"/>
  <system-out/>
  <testcase classname="meri.kiran.stadionWeather" name="stadion_ROS" time="0.331"/>
  <system-out/>
  <testcase classname="meri.kiran.stadionWeather" name="stadion_HOF" time="0.422"/>
  <system-out/>
  <testcase classname="meri.kiran.stadionWeather" name="stadion_HSV" time="0.369"/>
  <system-out/>
  <testcase classname="meri.kiran.stadionWeather" name="stadion_KAI" time="0.362"/>
  <system-out/>
  <testcase classname="meri.kiran.stadionWeather" name="stadion_S04" time="0.330"/>
  <system-out/>
  <testcase classname="meri.kiran.stadionWeather" name="stadion_f95" time="0.414"/>
  <system-out/>
  <testcase classname="meri.kiran.stadionWeather" name="stadion_UNI" time="0.451"/>
  <system-out/>
  <testcase classname="meri.kiran.stadionWeather" name="stadion_b04" time="0.319"/>
  <system-out/>
</testsuite> <!-- meri.kiran.stadionWeather -->
