<?xml version="1.0" encoding="UTF-8"?>
<!-- Generated by org.testng.reporters.JUnitReportReporter -->
<testsuite hostname="DESKTOP-4T26L2U" failures="0" tests="1" name="meri.kiran.germanZipCoder" time="7.184" errors="0" timestamp="2022-02-21T00:35:41 CET" skipped="0">
  <testcase classname="meri.kiran.germanZipCoder" name="zipSeries_Deutschland" time="7.184"/>
  <system-out/>
</testsuite> <!-- meri.kiran.germanZipCoder -->
